mode: atomic
backend/internal/emails/classifier.go:68.82,76.2 1 0
backend/internal/emails/classifier.go:79.93,86.16 2 0
backend/internal/emails/classifier.go:86.16,88.3 1 0
backend/internal/emails/classifier.go:90.2,92.16 3 0
backend/internal/emails/classifier.go:92.16,94.3 1 0
backend/internal/emails/classifier.go:95.2,98.16 3 0
backend/internal/emails/classifier.go:98.16,100.3 1 0
backend/internal/emails/classifier.go:101.2,104.16 3 0
backend/internal/emails/classifier.go:104.16,106.3 1 0
backend/internal/emails/classifier.go:108.2,108.38 1 0
backend/internal/emails/classifier.go:108.38,110.21 2 0
backend/internal/emails/classifier.go:110.21,112.4 1 0
backend/internal/emails/classifier.go:113.3,113.72 1 0
backend/internal/emails/classifier.go:116.2,117.63 2 0
backend/internal/emails/classifier.go:117.63,119.3 1 0
backend/internal/emails/classifier.go:120.2,120.33 1 0
backend/internal/emails/classifier.go:153.96,156.16 2 0
backend/internal/emails/classifier.go:156.16,158.3 1 0
backend/internal/emails/classifier.go:159.2,164.8 1 0
backend/internal/emails/classifier.go:170.137,173.2 2 0
backend/internal/emails/classifier.go:187.105,189.2 1 0
backend/internal/emails/classifier.go:192.105,195.36 2 0
backend/internal/emails/classifier.go:195.36,201.3 1 0
backend/internal/emails/classifier.go:202.2,213.68 3 0
backend/internal/emails/classifier.go:213.68,215.3 1 0
backend/internal/emails/classifier.go:218.2,219.16 2 0
backend/internal/emails/classifier.go:219.16,221.3 1 0
backend/internal/emails/classifier.go:224.2,225.16 2 0
backend/internal/emails/classifier.go:225.16,232.3 2 0
backend/internal/emails/classifier.go:235.2,235.45 1 0
backend/internal/emails/classifier.go:235.45,241.3 2 0
backend/internal/emails/classifier.go:243.2,243.20 1 0
backend/internal/emails/classifier.go:251.66,256.64 3 7
backend/internal/emails/classifier.go:256.64,258.3 1 2
backend/internal/emails/classifier.go:261.2,262.76 2 5
backend/internal/emails/classifier.go:262.76,264.68 2 3
backend/internal/emails/classifier.go:264.68,266.4 1 2
backend/internal/emails/classifier.go:270.2,270.74 1 3
backend/internal/emails/classifier.go:274.44,275.22 1 4
backend/internal/emails/classifier.go:275.22,277.3 1 3
backend/internal/emails/classifier.go:278.2,278.39 1 1
backend/internal/emails/dto.go:64.64,66.27 2 0
backend/internal/emails/dto.go:66.27,69.17 3 0
backend/internal/emails/dto.go:69.17,71.4 1 0
backend/internal/emails/dto.go:73.2,78.8 1 0
backend/internal/emails/dto.go:118.46,133.2 1 0
backend/internal/emails/handler.go:25.55,27.2 2 0
backend/internal/emails/handler.go:27.2,33.3 5 0
backend/internal/emails/handler.go:43.64,48.2 1 0
backend/internal/emails/handler.go:65.41,67.47 2 0
backend/internal/emails/handler.go:67.47,71.3 3 0
backend/internal/emails/handler.go:73.2,76.16 3 0
backend/internal/emails/handler.go:76.16,80.3 3 0
backend/internal/emails/handler.go:82.2,83.16 2 0
backend/internal/emails/handler.go:83.16,87.3 3 0
backend/internal/emails/handler.go:89.2,89.45 1 0
backend/internal/emails/handler.go:105.40,107.48 2 0
backend/internal/emails/handler.go:107.48,111.3 3 0
backend/internal/emails/handler.go:113.2,114.16 2 0
backend/internal/emails/handler.go:114.16,115.46 1 0
backend/internal/emails/handler.go:115.46,118.4 2 0
backend/internal/emails/handler.go:119.3,121.9 3 0
backend/internal/emails/handler.go:124.2,125.16 2 0
backend/internal/emails/handler.go:125.16,129.3 3 0
backend/internal/emails/handler.go:131.2,137.27 2 0
backend/internal/emails/handler.go:137.27,139.3 1 0
backend/internal/emails/handler.go:141.2,141.22 1 0
backend/internal/emails/handler.go:155.43,158.16 3 0
backend/internal/emails/handler.go:158.16,161.3 2 0
backend/internal/emails/handler.go:163.2,164.16 2 0
backend/internal/emails/handler.go:164.16,165.34 1 0
backend/internal/emails/handler.go:165.34,168.4 2 0
backend/internal/emails/handler.go:169.3,171.9 3 0
backend/internal/emails/handler.go:174.2,174.40 1 0
backend/internal/emails/handler.go:190.42,193.16 3 0
backend/internal/emails/handler.go:193.16,196.3 2 0
backend/internal/emails/handler.go:198.2,199.47 2 0
backend/internal/emails/handler.go:199.47,203.3 3 0
backend/internal/emails/handler.go:205.2,205.23 1 0
backend/internal/emails/handler.go:205.23,206.82 1 0
backend/internal/emails/handler.go:206.82,207.35 1 0
backend/internal/emails/handler.go:207.35,210.5 2 0
backend/internal/emails/handler.go:211.4,213.10 3 0
backend/internal/emails/handler.go:217.2,217.27 1 0
backend/internal/emails/handler.go:217.27,218.88 1 0
backend/internal/emails/handler.go:218.88,219.35 1 0
backend/internal/emails/handler.go:219.35,222.5 2 0
backend/internal/emails/handler.go:223.4,225.10 3 0
backend/internal/emails/handler.go:229.2,230.16 2 0
backend/internal/emails/handler.go:230.16,234.3 3 0
backend/internal/emails/handler.go:236.2,236.40 1 0
backend/internal/emails/handler.go:250.46,253.16 3 0
backend/internal/emails/handler.go:253.16,256.3 2 0
backend/internal/emails/handler.go:258.2,259.16 2 0
backend/internal/emails/handler.go:259.16,260.34 1 0
backend/internal/emails/handler.go:260.34,263.4 2 0
backend/internal/emails/handler.go:264.3,266.9 3 0
backend/internal/emails/handler.go:269.2,274.4 1 0
backend/internal/emails/model.go:61.43,63.2 1 11
backend/internal/emails/repository.go:44.45,46.2 1 0
backend/internal/emails/repository.go:54.81,59.16 3 0
backend/internal/emails/repository.go:59.16,60.36 1 0
backend/internal/emails/repository.go:60.36,62.4 1 0
backend/internal/emails/repository.go:63.3,63.53 1 0
backend/internal/emails/repository.go:65.2,65.16 1 0
backend/internal/emails/repository.go:70.92,75.16 3 0
backend/internal/emails/repository.go:75.16,76.36 1 0
backend/internal/emails/repository.go:76.36,78.4 1 0
backend/internal/emails/repository.go:79.3,79.61 1 0
backend/internal/emails/repository.go:81.2,81.16 1 0
backend/internal/emails/repository.go:93.63,98.33 4 0
backend/internal/emails/repository.go:98.33,102.3 3 0
backend/internal/emails/repository.go:103.2,103.28 1 0
backend/internal/emails/repository.go:103.28,107.3 3 0
backend/internal/emails/repository.go:109.2,109.26 1 0
backend/internal/emails/repository.go:109.26,111.3 1 0
backend/internal/emails/repository.go:112.2,112.68 1 0
backend/internal/emails/repository.go:116.91,122.74 4 0
backend/internal/emails/repository.go:122.74,124.3 1 0
backend/internal/emails/repository.go:129.2,130.22 2 0
backend/internal/emails/repository.go:130.22,134.3 3 0
backend/internal/emails/repository.go:135.2,135.23 1 0
backend/internal/emails/repository.go:135.23,138.3 2 0
backend/internal/emails/repository.go:140.2,141.73 2 0
backend/internal/emails/repository.go:141.73,143.3 1 0
backend/internal/emails/repository.go:144.2,144.27 1 0
backend/internal/emails/repository.go:154.79,171.16 3 0
backend/internal/emails/repository.go:171.16,173.3 1 0
backend/internal/emails/repository.go:174.2,174.16 1 0
backend/internal/emails/repository.go:179.119,181.16 2 0
backend/internal/emails/repository.go:181.16,183.3 1 0
backend/internal/emails/repository.go:184.2,185.16 2 0
backend/internal/emails/repository.go:185.16,187.3 1 0
backend/internal/emails/repository.go:188.2,188.15 1 0
backend/internal/emails/repository.go:188.15,190.3 1 0
backend/internal/emails/repository.go:191.2,191.12 1 0
backend/internal/emails/repository.go:195.93,198.2 1 0
backend/internal/emails/repository.go:201.107,204.2 1 0
backend/internal/emails/repository.go:207.95,210.2 1 0
backend/internal/emails/service.go:55.84,60.2 1 0
backend/internal/emails/service.go:80.98,83.66 2 0
backend/internal/emails/service.go:83.66,84.53 1 0
backend/internal/emails/service.go:84.53,86.4 1 0
backend/internal/emails/service.go:87.3,87.33 1 0
backend/internal/emails/service.go:88.8,88.32 1 0
backend/internal/emails/service.go:88.32,90.17 2 0
backend/internal/emails/service.go:90.17,92.4 1 0
backend/internal/emails/service.go:93.3,93.26 1 0
backend/internal/emails/service.go:94.8,96.3 1 0
backend/internal/emails/service.go:98.2,114.16 3 0
backend/internal/emails/service.go:114.16,116.3 1 0
backend/internal/emails/service.go:117.2,117.23 1 0
backend/internal/emails/service.go:121.78,123.2 1 0
backend/internal/emails/service.go:126.88,128.45 1 0
backend/internal/emails/service.go:128.45,130.3 1 0
backend/internal/emails/service.go:131.2,131.23 1 0
backend/internal/emails/service.go:131.23,133.3 1 0
backend/internal/emails/service.go:134.2,134.33 1 0
backend/internal/emails/service.go:138.82,139.65 1 0
backend/internal/emails/service.go:139.65,140.34 1 0
backend/internal/emails/service.go:140.34,142.4 1 0
backend/internal/emails/service.go:143.3,143.42 1 0
backend/internal/emails/service.go:145.2,145.12 1 0
backend/internal/emails/service.go:149.87,150.64 1 0
backend/internal/emails/service.go:150.64,151.34 1 0
backend/internal/emails/service.go:151.34,153.4 1 0
backend/internal/emails/service.go:154.3,154.45 1 0
backend/internal/emails/service.go:156.2,156.12 1 0
backend/internal/emails/service.go:160.90,161.25 1 0
backend/internal/emails/service.go:161.25,163.3 1 0
backend/internal/emails/service.go:165.2,166.16 2 0
backend/internal/emails/service.go:166.16,168.3 1 0
backend/internal/emails/service.go:170.2,171.16 2 0
backend/internal/emails/service.go:171.16,173.3 1 0
backend/internal/emails/service.go:175.2,175.78 1 0
backend/internal/emails/service.go:175.78,177.3 1 0
backend/internal/emails/service.go:179.2,179.20 1 0
backend/internal/emails/service.go:186.79,188.16 2 0
backend/internal/emails/service.go:188.16,189.34 1 0
backend/internal/emails/service.go:189.34,191.4 1 0
backend/internal/emails/service.go:192.3,192.47 1 0
backend/internal/emails/service.go:194.2,194.15 1 0
backend/internal/emails/service.go:198.35,199.14 1 0
backend/internal/emails/service.go:199.14,201.3 1 0
backend/internal/emails/service.go:202.2,202.11 1 0
backend/internal/httpresp/response.go:21.48,23.2 1 1
backend/internal/httpresp/response.go:26.43,28.2 1 1
backend/internal/httpresp/response.go:31.58,35.2 1 2
backend/internal/httpresp/response.go:38.56,42.2 1 1
backend/internal/httpresp/response.go:45.60,49.2 1 1
backend/internal/httpresp/response.go:52.36,56.2 1 1
backend/internal/httpresp/response.go:59.49,61.2 1 1
backend/internal/httpresp/response.go:64.63,68.2 1 1
backend/internal/httpresp/response.go:71.56,75.2 1 1
backend/internal/httpresp/response.go:78.57,82.2 1 0
backend/internal/httpresp/response.go:85.52,87.2 1 1
backend/internal/api/router.go:52.48,71.32 7 0
backend/internal/api/router.go:71.32,73.3 1 0
backend/internal/api/router.go:76.2,76.40 1 0
backend/internal/api/router.go:76.40,81.3 1 0
backend/internal/api/router.go:84.2,84.41 1 0
backend/internal/api/router.go:84.41,91.3 1 0
backend/internal/api/router.go:94.2,95.2 2 0
backend/internal/api/router.go:95.2,102.3 3 0
backend/internal/api/router.go:102.3,117.40 5 0
backend/internal/api/router.go:117.40,120.5 3 0
backend/internal/api/router.go:120.5,127.6 6 0
backend/internal/api/router.go:132.3,134.3 3 0
backend/internal/api/router.go:134.3,148.4 13 0
backend/internal/api/router.go:151.2,151.10 1 0
backend/cmd/api/main.go:36.65,41.2 1 0
backend/cmd/api/main.go:43.13,48.39 2 0
backend/cmd/api/main.go:48.39,49.58 1 0
backend/cmd/api/main.go:53.2,54.16 2 0
backend/cmd/api/main.go:54.16,55.61 1 0
backend/cmd/api/main.go:57.2,61.16 3 0
backend/cmd/api/main.go:61.16,63.3 1 0
backend/cmd/api/main.go:64.2,68.16 3 0
backend/cmd/api/main.go:68.16,70.3 1 0
backend/cmd/api/main.go:71.2,75.22 3 0
backend/cmd/api/main.go:75.22,77.3 1 0
backend/cmd/api/main.go:78.2,79.16 2 0
backend/cmd/api/main.go:79.16,81.3 1 0
backend/cmd/api/main.go:82.2,87.16 4 0
backend/cmd/api/main.go:87.16,89.3 1 0
backend/cmd/api/main.go:90.2,94.33 3 0
backend/cmd/api/main.go:94.33,96.17 2 0
backend/cmd/api/main.go:96.17,99.4 2 0
backend/cmd/api/main.go:100.3,100.18 1 0
backend/cmd/api/main.go:104.2,104.39 1 0
backend/cmd/api/main.go:104.39,106.17 2 0
backend/cmd/api/main.go:106.17,109.4 2 0
backend/cmd/api/main.go:110.3,110.19 1 0
backend/cmd/api/main.go:114.2,181.16 40 0
backend/cmd/api/main.go:181.16,183.3 1 0
backend/cmd/api/main.go:184.2,221.12 6 0
backend/cmd/api/main.go:221.12,222.80 1 0
backend/cmd/api/main.go:222.80,224.4 1 0
backend/cmd/api/main.go:227.2,239.45 8 0
backend/cmd/api/main.go:239.45,241.3 1 0
backend/cmd/api/main.go:243.2,243.30 1 0
backend/cmd/api/main.go:257.140,263.2 2 0
backend/cmd/worker/browser_agent.go:128.92,136.2 1 0
backend/cmd/worker/browser_agent.go:139.118,141.16 2 0
backend/cmd/worker/browser_agent.go:141.16,143.3 1 0
backend/cmd/worker/browser_agent.go:145.2,147.16 3 0
backend/cmd/worker/browser_agent.go:147.16,149.3 1 0
backend/cmd/worker/browser_agent.go:150.2,158.16 4 0
backend/cmd/worker/browser_agent.go:158.16,160.3 1 0
backend/cmd/worker/browser_agent.go:161.2,166.16 4 0
backend/cmd/worker/browser_agent.go:166.16,168.3 1 0
backend/cmd/worker/browser_agent.go:170.2,170.38 1 0
backend/cmd/worker/browser_agent.go:170.38,173.21 2 0
backend/cmd/worker/browser_agent.go:173.21,175.4 1 0
backend/cmd/worker/browser_agent.go:176.3,176.93 1 0
backend/cmd/worker/browser_agent.go:179.2,180.54 2 0
backend/cmd/worker/browser_agent.go:180.54,182.3 1 0
backend/cmd/worker/browser_agent.go:184.2,184.21 1 0
backend/cmd/worker/browser_agent.go:188.112,190.16 2 0
backend/cmd/worker/browser_agent.go:190.16,192.3 1 0
backend/cmd/worker/browser_agent.go:194.2,196.16 3 0
backend/cmd/worker/browser_agent.go:196.16,198.3 1 0
backend/cmd/worker/browser_agent.go:199.2,207.16 4 0
backend/cmd/worker/browser_agent.go:207.16,209.3 1 0
backend/cmd/worker/browser_agent.go:210.2,214.16 4 0
backend/cmd/worker/browser_agent.go:214.16,216.3 1 0
backend/cmd/worker/browser_agent.go:218.2,218.38 1 0
backend/cmd/worker/browser_agent.go:218.38,220.21 2 0
backend/cmd/worker/browser_agent.go:220.21,222.4 1 0
backend/cmd/worker/browser_agent.go:223.3,223.91 1 0
backend/cmd/worker/browser_agent.go:226.2,227.54 2 0
backend/cmd/worker/browser_agent.go:227.54,229.3 1 0
backend/cmd/worker/browser_agent.go:231.2,231.21 1 0
backend/cmd/worker/browser_agent.go:235.121,238.16 2 0
backend/cmd/worker/browser_agent.go:238.16,240.3 1 0
backend/cmd/worker/browser_agent.go:242.2,244.16 3 0
backend/cmd/worker/browser_agent.go:244.16,246.3 1 0
backend/cmd/worker/browser_agent.go:247.2,252.16 4 0
backend/cmd/worker/browser_agent.go:252.16,254.3 1 0
backend/cmd/worker/browser_agent.go:255.2,259.16 4 0
backend/cmd/worker/browser_agent.go:259.16,261.3 1 0
backend/cmd/worker/browser_agent.go:263.2,263.38 1 0
backend/cmd/worker/browser_agent.go:263.38,265.21 2 0
backend/cmd/worker/browser_agent.go:265.21,267.4 1 0
backend/cmd/worker/browser_agent.go:268.3,268.94 1 0
backend/cmd/worker/browser_agent.go:271.2,272.54 2 0
backend/cmd/worker/browser_agent.go:272.54,274.3 1 0
backend/cmd/worker/browser_agent.go:276.2,276.21 1 0
backend/cmd/worker/browser_agent.go:283.129,285.16 2 0
backend/cmd/worker/browser_agent.go:285.16,287.3 1 0
backend/cmd/worker/browser_agent.go:289.2,291.16 3 0
backend/cmd/worker/browser_agent.go:291.16,293.3 1 0
backend/cmd/worker/browser_agent.go:294.2,303.16 4 0
backend/cmd/worker/browser_agent.go:303.16,305.3 1 0
backend/cmd/worker/browser_agent.go:306.2,310.16 4 0
backend/cmd/worker/browser_agent.go:310.16,312.3 1 0
backend/cmd/worker/browser_agent.go:314.2,314.38 1 0
backend/cmd/worker/browser_agent.go:314.38,316.21 2 0
backend/cmd/worker/browser_agent.go:316.21,318.4 1 0
backend/cmd/worker/browser_agent.go:319.3,319.95 1 0
backend/cmd/worker/browser_agent.go:322.2,323.54 2 0
backend/cmd/worker/browser_agent.go:323.54,325.3 1 0
backend/cmd/worker/browser_agent.go:327.2,332.21 2 0
backend/cmd/worker/handlers_application.go:23.96,24.56 1 0
backend/cmd/worker/handlers_application.go:24.56,33.63 3 0
backend/cmd/worker/handlers_application.go:33.63,36.4 2 0
backend/cmd/worker/handlers_application.go:38.3,47.17 5 0
backend/cmd/worker/handlers_application.go:47.17,50.4 2 0
backend/cmd/worker/handlers_application.go:52.3,53.13 2 0
backend/cmd/worker/handlers_application.go:63.21,64.56 1 0
backend/cmd/worker/handlers_application.go:64.56,68.63 3 0
backend/cmd/worker/handlers_application.go:68.63,71.4 2 0
backend/cmd/worker/handlers_application.go:73.3,82.17 5 0
backend/cmd/worker/handlers_application.go:82.17,83.48 1 0
backend/cmd/worker/handlers_application.go:83.48,86.5 2 0
backend/cmd/worker/handlers_application.go:87.4,88.85 2 0
backend/cmd/worker/handlers_application.go:91.3,92.17 2 0
backend/cmd/worker/handlers_application.go:92.17,93.40 1 0
backend/cmd/worker/handlers_application.go:93.40,96.5 2 0
backend/cmd/worker/handlers_application.go:97.4,98.77 2 0
backend/cmd/worker/handlers_application.go:101.3,102.51 2 0
backend/cmd/worker/handlers_application.go:102.51,104.4 1 0
backend/cmd/worker/handlers_application.go:105.3,106.53 2 0
backend/cmd/worker/handlers_application.go:106.53,108.4 1 0
backend/cmd/worker/handlers_application.go:110.3,111.69 2 0
backend/cmd/worker/handlers_application.go:111.69,114.4 2 0
backend/cmd/worker/handlers_application.go:116.3,119.17 2 0
backend/cmd/worker/handlers_application.go:119.17,122.4 2 0
backend/cmd/worker/handlers_application.go:123.3,123.20 1 0
backend/cmd/worker/handlers_application.go:123.20,130.4 2 0
backend/cmd/worker/handlers_application.go:132.3,132.141 1 0
backend/cmd/worker/handlers_application.go:132.141,135.4 2 0
backend/cmd/worker/handlers_application.go:137.3,141.13 2 0
backend/cmd/worker/handlers_application.go:151.21,152.56 1 0
backend/cmd/worker/handlers_application.go:152.56,156.63 3 0
backend/cmd/worker/handlers_application.go:156.63,159.4 2 0
backend/cmd/worker/handlers_application.go:161.3,170.17 5 0
backend/cmd/worker/handlers_application.go:170.17,171.48 1 0
backend/cmd/worker/handlers_application.go:171.48,174.5 2 0
backend/cmd/worker/handlers_application.go:175.4,176.78 2 0
backend/cmd/worker/handlers_application.go:179.3,179.57 1 0
backend/cmd/worker/handlers_application.go:179.57,182.4 2 0
backend/cmd/worker/handlers_application.go:184.3,189.17 2 0
backend/cmd/worker/handlers_application.go:189.17,192.4 2 0
backend/cmd/worker/handlers_application.go:194.3,194.37 1 0
backend/cmd/worker/handlers_application.go:194.37,204.32 3 0
backend/cmd/worker/handlers_application.go:205.21,206.130 1 0
backend/cmd/worker/handlers_application.go:207.21,208.134 1 0
backend/cmd/worker/handlers_application.go:209.17,210.124 1 0
backend/cmd/worker/handlers_application.go:212.4,212.24 1 0
backend/cmd/worker/handlers_application.go:212.24,220.5 2 0
backend/cmd/worker/handlers_application.go:223.3,227.13 2 0
backend/cmd/worker/handlers_application.go:236.21,237.56 1 0
backend/cmd/worker/handlers_application.go:237.56,241.63 3 0
backend/cmd/worker/handlers_application.go:241.63,244.4 2 0
backend/cmd/worker/handlers_application.go:246.3,255.17 5 0
backend/cmd/worker/handlers_application.go:255.17,256.48 1 0
backend/cmd/worker/handlers_application.go:256.48,259.5 2 0
backend/cmd/worker/handlers_application.go:260.4,261.81 2 0
backend/cmd/worker/handlers_application.go:264.3,265.17 2 0
backend/cmd/worker/handlers_application.go:265.17,266.40 1 0
backend/cmd/worker/handlers_application.go:266.40,269.5 2 0
backend/cmd/worker/handlers_application.go:270.4,271.73 2 0
backend/cmd/worker/handlers_application.go:274.3,281.13 2 0
backend/cmd/worker/handlers_application.go:292.21,293.56 1 0
backend/cmd/worker/handlers_application.go:293.56,297.63 3 0
backend/cmd/worker/handlers_application.go:297.63,300.4 2 0
backend/cmd/worker/handlers_application.go:302.3,312.17 5 0
backend/cmd/worker/handlers_application.go:312.17,319.4 2 0
backend/cmd/worker/handlers_application.go:322.3,337.17 3 0
backend/cmd/worker/handlers_application.go:337.17,344.4 2 0
backend/cmd/worker/handlers_application.go:346.3,351.13 2 0
backend/cmd/worker/handlers_application.go:359.100,360.56 1 0
backend/cmd/worker/handlers_application.go:360.56,364.63 3 0
backend/cmd/worker/handlers_application.go:364.63,367.4 2 0
backend/cmd/worker/handlers_application.go:369.3,387.17 5 0
backend/cmd/worker/handlers_application.go:387.17,393.4 2 0
backend/cmd/worker/handlers_application.go:395.3,400.13 2 0
backend/cmd/worker/handlers_job.go:24.21,25.56 1 0
backend/cmd/worker/handlers_job.go:25.56,29.63 3 0
backend/cmd/worker/handlers_job.go:29.63,32.4 2 0
backend/cmd/worker/handlers_job.go:34.3,48.17 5 0
backend/cmd/worker/handlers_job.go:48.17,55.4 2 0
backend/cmd/worker/handlers_job.go:57.3,58.31 2 0
backend/cmd/worker/handlers_job.go:58.31,67.4 1 0
backend/cmd/worker/handlers_job.go:69.3,73.17 4 0
backend/cmd/worker/handlers_job.go:73.17,80.4 2 0
backend/cmd/worker/handlers_job.go:82.3,89.27 2 0
backend/cmd/worker/handlers_job.go:89.27,94.4 1 0
backend/cmd/worker/handlers_job.go:96.3,96.13 1 0
backend/cmd/worker/handlers_job.go:101.83,102.56 1 0
backend/cmd/worker/handlers_job.go:102.56,106.63 3 0
backend/cmd/worker/handlers_job.go:106.63,109.4 2 0
backend/cmd/worker/handlers_job.go:111.3,120.17 5 0
backend/cmd/worker/handlers_job.go:120.17,127.4 2 0
backend/cmd/worker/handlers_job.go:129.3,137.13 2 0
backend/cmd/worker/handlers_resume.go:23.21,24.56 1 0
backend/cmd/worker/handlers_resume.go:24.56,28.63 3 0
backend/cmd/worker/handlers_resume.go:28.63,31.4 2 0
backend/cmd/worker/handlers_resume.go:33.3,42.17 5 0
backend/cmd/worker/handlers_resume.go:42.17,43.40 1 0
backend/cmd/worker/handlers_resume.go:43.40,46.5 2 0
backend/cmd/worker/handlers_resume.go:47.4,48.78 2 0
backend/cmd/worker/handlers_resume.go:51.3,52.17 2 0
backend/cmd/worker/handlers_resume.go:52.17,55.4 2 0
backend/cmd/worker/handlers_resume.go:56.3,56.27 1 0
backend/cmd/worker/handlers_resume.go:56.27,59.4 2 0
backend/cmd/worker/handlers_resume.go:60.3,65.17 3 0
backend/cmd/worker/handlers_resume.go:65.17,72.4 2 0
backend/cmd/worker/handlers_resume.go:74.3,81.13 2 0
backend/cmd/worker/handlers_resume.go:90.21,91.56 1 0
backend/cmd/worker/handlers_resume.go:91.56,95.63 3 0
backend/cmd/worker/handlers_resume.go:95.63,98.4 2 0
backend/cmd/worker/handlers_resume.go:100.3,109.17 5 0
backend/cmd/worker/handlers_resume.go:109.17,110.43 1 0
backend/cmd/worker/handlers_resume.go:110.43,113.5 2 0
backend/cmd/worker/handlers_resume.go:114.4,115.83 2 0
backend/cmd/worker/handlers_resume.go:118.3,118.22 1 0
backend/cmd/worker/handlers_resume.go:118.22,121.4 2 0
backend/cmd/worker/handlers_resume.go:123.3,124.17 2 0
backend/cmd/worker/handlers_resume.go:124.17,125.40 1 0
backend/cmd/worker/handlers_resume.go:125.40,128.5 2 0
backend/cmd/worker/handlers_resume.go:129.4,130.74 2 0
backend/cmd/worker/handlers_resume.go:133.3,137.17 2 0
backend/cmd/worker/handlers_resume.go:137.17,140.4 2 0
backend/cmd/worker/handlers_resume.go:142.3,148.13 2 0
backend/cmd/worker/handlers_resume.go:157.21,158.56 1 0
backend/cmd/worker/handlers_resume.go:158.56,162.63 3 0
backend/cmd/worker/handlers_resume.go:162.63,165.4 2 0
backend/cmd/worker/handlers_resume.go:167.3,178.17 5 0
backend/cmd/worker/handlers_resume.go:178.17,179.40 1 0
backend/cmd/worker/handlers_resume.go:179.40,182.5 2 0
backend/cmd/worker/handlers_resume.go:183.4,184.76 2 0
backend/cmd/worker/handlers_resume.go:190.3,191.17 2 0
backend/cmd/worker/handlers_resume.go:191.17,198.4 2 0
backend/cmd/worker/handlers_resume.go:200.3,207.13 2 0
backend/cmd/worker/main.go:22.13,26.16 3 0
backend/cmd/worker/main.go:26.16,29.3 2 0
backend/cmd/worker/main.go:30.2,32.39 2 0
backend/cmd/worker/main.go:32.39,34.3 1 0
backend/cmd/worker/main.go:36.2,37.16 2 0
backend/cmd/worker/main.go:37.16,39.3 1 0
backend/cmd/worker/main.go:40.2,43.16 3 0
backend/cmd/worker/main.go:43.16,45.3 1 0
backend/cmd/worker/main.go:46.2,95.37 32 0
backend/cmd/worker/main.go:95.37,98.3 2 0
backend/cmd/worker/main.go:100.2,100.31 1 0
backend/cmd/worker/main.go:104.65,105.40 1 0
backend/cmd/worker/main.go:105.40,107.3 1 0
backend/cmd/worker/main.go:108.2,109.16 2 0
backend/cmd/worker/main.go:109.16,111.3 1 0
backend/cmd/worker/main.go:112.2,113.34 2 0
backend/cmd/worker/main.go:113.34,115.3 1 0
backend/cmd/worker/main.go:116.2,116.13 1 0
backend/cmd/worker/main.go:120.46,121.42 1 0
backend/cmd/worker/main.go:121.42,123.3 1 0
backend/cmd/worker/main.go:124.2,124.21 1 0
backend/internal/activity/dto.go:33.64,35.22 2 0
backend/internal/activity/dto.go:35.22,38.17 3 0
backend/internal/activity/dto.go:38.17,40.4 1 0
backend/internal/activity/dto.go:43.2,44.23 2 0
backend/internal/activity/dto.go:44.23,46.17 2 0
backend/internal/activity/dto.go:46.17,48.4 1 0
backend/internal/activity/dto.go:49.3,49.16 1 0
backend/internal/activity/dto.go:51.2,51.21 1 0
backend/internal/activity/dto.go:51.21,53.17 2 0
backend/internal/activity/dto.go:53.17,55.4 1 0
backend/internal/activity/dto.go:56.3,56.14 1 0
backend/internal/activity/dto.go:59.2,67.8 1 0
backend/internal/activity/dto.go:92.58,101.2 1 0
backend/internal/activity/handler.go:32.60,37.2 1 0
backend/internal/activity/handler.go:41.55,43.2 2 0
backend/internal/activity/handler.go:43.2,46.3 2 0
backend/internal/activity/handler.go:52.40,54.48 2 0
backend/internal/activity/handler.go:54.48,58.3 3 0
backend/internal/activity/handler.go:60.2,61.16 2 0
backend/internal/activity/handler.go:61.16,62.41 1 0
backend/internal/activity/handler.go:62.41,65.4 2 0
backend/internal/activity/handler.go:66.3,66.42 1 0
backend/internal/activity/handler.go:66.42,69.4 2 0
backend/internal/activity/handler.go:70.3,72.9 3 0
backend/internal/activity/handler.go:76.2,76.23 1 0
backend/internal/activity/handler.go:76.23,78.3 1 0
backend/internal/activity/handler.go:79.2,79.24 1 0
backend/internal/activity/handler.go:79.24,81.3 1 0
backend/internal/activity/handler.go:82.2,82.23 1 0
backend/internal/activity/handler.go:82.23,84.3 1 0
backend/internal/activity/handler.go:86.2,87.16 2 0
backend/internal/activity/handler.go:87.16,91.3 3 0
backend/internal/activity/handler.go:93.2,99.31 2 0
backend/internal/activity/handler.go:99.31,101.3 1 0
backend/internal/activity/handler.go:103.2,103.22 1 0
backend/internal/activity/handler.go:108.43,111.16 3 0
backend/internal/activity/handler.go:111.16,114.3 2 0
backend/internal/activity/handler.go:116.2,117.16 2 0
backend/internal/activity/handler.go:117.16,118.34 1 0
backend/internal/activity/handler.go:118.34,121.4 2 0
backend/internal/activity/handler.go:122.3,124.9 3 0
backend/internal/activity/handler.go:127.2,127.39 1 0
backend/internal/activity/model.go:86.39,88.2 1 0
backend/internal/activity/model.go:104.48,105.14 1 0
backend/internal/activity/model.go:105.14,107.3 1 0
backend/internal/activity/model.go:108.2,109.16 2 0
backend/internal/activity/model.go:109.16,111.3 1 0
backend/internal/activity/model.go:112.2,112.15 1 0
backend/internal/activity/model.go:118.47,119.16 1 0
backend/internal/activity/model.go:119.16,122.3 2 0
backend/internal/activity/model.go:123.2,124.25 2 0
backend/internal/activity/model.go:125.14,126.11 1 0
backend/internal/activity/model.go:127.14,128.19 1 0
backend/internal/activity/model.go:129.10,130.72 1 0
backend/internal/activity/model.go:132.2,132.20 1 0
backend/internal/activity/model.go:132.20,135.3 2 0
backend/internal/activity/model.go:136.2,136.48 1 0
backend/internal/activity/model.go:136.48,138.3 1 0
backend/internal/activity/model.go:139.2,139.12 1 0
backend/internal/activity/repository.go:41.53,43.2 1 0
backend/internal/activity/repository.go:47.95,52.16 3 0
backend/internal/activity/repository.go:52.16,53.36 1 0
backend/internal/activity/repository.go:53.36,55.4 1 0
backend/internal/activity/repository.go:56.3,56.56 1 0
backend/internal/activity/repository.go:58.2,58.16 1 0
backend/internal/activity/repository.go:79.63,84.24 4 0
backend/internal/activity/repository.go:84.24,88.3 3 0
backend/internal/activity/repository.go:89.2,89.28 1 0
backend/internal/activity/repository.go:89.28,93.3 3 0
backend/internal/activity/repository.go:94.2,94.23 1 0
backend/internal/activity/repository.go:94.23,98.3 3 0
backend/internal/activity/repository.go:99.2,99.27 1 0
backend/internal/activity/repository.go:99.27,103.3 3 0
backend/internal/activity/repository.go:104.2,104.25 1 0
backend/internal/activity/repository.go:104.25,108.3 3 0
backend/internal/activity/repository.go:110.2,110.26 1 0
backend/internal/activity/repository.go:110.26,112.3 1 0
backend/internal/activity/repository.go:113.2,113.68 1 0
backend/internal/activity/repository.go:119.105,125.74 4 0
backend/internal/activity/repository.go:125.74,127.3 1 0
backend/internal/activity/repository.go:130.2,131.22 2 0
backend/internal/activity/repository.go:131.22,135.3 3 0
backend/internal/activity/repository.go:136.2,136.23 1 0
backend/internal/activity/repository.go:136.23,139.3 2 0
backend/internal/activity/repository.go:141.2,142.77 2 0
backend/internal/activity/repository.go:142.77,144.3 1 0
backend/internal/activity/repository.go:145.2,145.31 1 0
backend/internal/activity/repository.go:151.80,152.22 1 0
backend/internal/activity/repository.go:152.22,154.3 1 0
backend/internal/activity/repository.go:155.2,155.26 1 0
backend/internal/activity/repository.go:155.26,157.3 1 0
backend/internal/activity/repository.go:159.2,163.16 2 0
backend/internal/activity/repository.go:163.16,165.3 1 0
backend/internal/activity/repository.go:166.2,166.12 1 0
backend/internal/activity/service.go:24.63,29.2 1 0
backend/internal/activity/service.go:33.84,35.16 2 0
backend/internal/activity/service.go:35.16,37.3 1 0
backend/internal/activity/service.go:38.2,38.15 1 0
backend/internal/activity/service.go:44.94,46.2 1 0
backend/internal/activity/service.go:63.122,71.46 2 0
backend/internal/activity/service.go:71.46,73.3 1 0
backend/internal/activity/service.go:75.2,80.12 2 0
backend/internal/database/postgres.go:20.88,22.16 2 0
backend/internal/database/postgres.go:22.16,24.3 1 0
backend/internal/database/postgres.go:27.2,35.44 6 0
backend/internal/database/postgres.go:35.44,37.3 1 0
backend/internal/database/postgres.go:39.2,48.8 2 0
backend/internal/database/postgres.go:51.37,53.2 1 0
backend/internal/database/postgres.go:55.55,57.2 1 0
backend/internal/database/redis.go:18.80,20.16 2 0
backend/internal/database/redis.go:20.16,22.3 1 0
backend/internal/database/redis.go:24.2,30.47 4 0
backend/internal/database/redis.go:30.47,32.3 1 0
backend/internal/database/redis.go:34.2,39.8 2 0
backend/internal/database/redis.go:42.37,44.2 1 0
backend/internal/database/redis.go:46.55,48.2 1 0
backend/internal/database/redis.go:51.118,56.46 3 0
backend/internal/database/redis.go:56.46,58.3 1 0
backend/internal/database/redis.go:60.2,60.20 1 0
backend/internal/database/redis.go:60.20,62.3 1 0
backend/internal/database/redis.go:65.2,69.16 4 0
backend/internal/database/redis.go:69.16,71.3 1 0
backend/internal/database/redis.go:73.2,73.18 1 0
backend/internal/approvals/dto.go:106.54,118.2 1 0
backend/internal/approvals/handler.go:40.80,46.2 1 0
backend/internal/approvals/handler.go:49.55,51.2 2 0
backend/internal/approvals/handler.go:51.2,56.3 4 0
backend/internal/approvals/handler.go:64.56,66.16 2 0
backend/internal/approvals/handler.go:66.16,69.3 2 0
backend/internal/approvals/handler.go:70.2,70.17 1 0
backend/internal/approvals/handler.go:79.49,82.47 2 0
backend/internal/approvals/handler.go:82.47,83.29 1 0
backend/internal/approvals/handler.go:83.29,86.4 2 0
backend/internal/approvals/handler.go:87.3,87.25 1 0
backend/internal/approvals/handler.go:89.2,89.59 1 0
backend/internal/approvals/handler.go:89.59,91.17 2 0
backend/internal/approvals/handler.go:91.17,94.4 2 0
backend/internal/approvals/handler.go:95.3,95.31 1 0
backend/internal/approvals/handler.go:99.2,100.50 2 0
backend/internal/approvals/handler.go:100.50,102.30 2 0
backend/internal/approvals/handler.go:102.30,105.4 2 0
backend/internal/approvals/handler.go:106.3,106.18 1 0
backend/internal/approvals/handler.go:106.18,108.4 1 0
backend/internal/approvals/handler.go:109.3,109.23 1 0
backend/internal/approvals/handler.go:111.2,112.53 2 0
backend/internal/approvals/handler.go:112.53,114.31 2 0
backend/internal/approvals/handler.go:114.31,117.4 2 0
backend/internal/approvals/handler.go:118.3,118.25 1 0
backend/internal/approvals/handler.go:121.2,122.16 2 0
backend/internal/approvals/handler.go:122.16,126.3 3 0
backend/internal/approvals/handler.go:129.2,130.27 2 0
backend/internal/approvals/handler.go:130.27,132.3 1 0
backend/internal/approvals/handler.go:134.2,139.4 1 0
backend/internal/approvals/handler.go:143.47,145.9 2 0
backend/internal/approvals/handler.go:145.9,147.3 1 0
backend/internal/approvals/handler.go:149.2,150.16 2 0
backend/internal/approvals/handler.go:150.16,151.34 1 0
backend/internal/approvals/handler.go:151.34,154.4 2 0
backend/internal/approvals/handler.go:155.3,157.9 3 0
backend/internal/approvals/handler.go:160.2,160.31 1 0
backend/internal/approvals/handler.go:165.51,167.9 2 0
backend/internal/approvals/handler.go:167.9,169.3 1 0
backend/internal/approvals/handler.go:171.2,176.34 3 0
backend/internal/approvals/handler.go:176.34,183.3 2 0
backend/internal/approvals/handler.go:185.2,185.16 1 0
backend/internal/approvals/handler.go:185.16,186.34 1 0
backend/internal/approvals/handler.go:186.34,189.4 2 0
backend/internal/approvals/handler.go:190.3,190.39 1 0
backend/internal/approvals/handler.go:190.39,193.4 2 0
backend/internal/approvals/handler.go:194.3,196.9 3 0
backend/internal/approvals/handler.go:199.2,199.38 1 0
backend/internal/approvals/handler.go:204.50,206.9 2 0
backend/internal/approvals/handler.go:206.9,208.3 1 0
backend/internal/approvals/handler.go:210.2,211.47 2 0
backend/internal/approvals/handler.go:211.47,214.3 2 0
backend/internal/approvals/handler.go:216.2,216.74 1 0
backend/internal/approvals/handler.go:216.74,217.34 1 0
backend/internal/approvals/handler.go:217.34,220.4 2 0
backend/internal/approvals/handler.go:221.3,221.39 1 0
backend/internal/approvals/handler.go:221.39,224.4 2 0
backend/internal/approvals/handler.go:225.3,225.40 1 0
backend/internal/approvals/handler.go:225.40,228.4 2 0
backend/internal/approvals/handler.go:229.3,231.9 3 0
backend/internal/approvals/handler.go:235.2,236.16 2 0
backend/internal/approvals/handler.go:236.16,240.3 3 0
backend/internal/approvals/handler.go:242.2,242.38 1 0
backend/internal/approvals/model.go:60.40,63.2 2 0
backend/internal/approvals/model.go:66.42,68.9 2 0
backend/internal/approvals/model.go:68.9,70.3 1 0
backend/internal/approvals/model.go:71.2,71.28 1 0
backend/internal/approvals/model.go:71.28,72.14 1 0
backend/internal/approvals/model.go:72.14,74.4 1 0
backend/internal/approvals/model.go:76.2,76.14 1 0
backend/internal/approvals/model.go:116.53,118.16 2 0
backend/internal/approvals/model.go:118.16,120.3 1 0
backend/internal/approvals/model.go:121.2,121.15 1 0
backend/internal/approvals/model.go:125.52,126.16 1 0
backend/internal/approvals/model.go:126.16,128.3 1 0
backend/internal/approvals/model.go:129.2,130.25 2 0
backend/internal/approvals/model.go:131.14,132.11 1 0
backend/internal/approvals/model.go:133.14,134.19 1 0
backend/internal/approvals/model.go:135.10,136.78 1 0
backend/internal/approvals/model.go:138.2,138.49 1 0
backend/internal/approvals/model.go:138.49,140.3 1 0
backend/internal/approvals/model.go:141.2,141.12 1 0
backend/internal/approvals/model.go:150.64,151.41 1 0
backend/internal/approvals/model.go:151.41,153.3 1 0
backend/internal/approvals/model.go:154.2,157.12 4 0
backend/internal/approvals/model.go:161.43,162.33 1 0
backend/internal/approvals/model.go:162.33,164.3 1 0
backend/internal/approvals/model.go:165.2,165.31 1 0
backend/internal/approvals/model.go:165.31,167.3 1 0
backend/internal/approvals/model.go:168.2,168.33 1 0
backend/internal/approvals/model.go:168.33,170.3 1 0
backend/internal/approvals/model.go:171.2,171.58 1 0
backend/internal/approvals/model.go:171.58,173.3 1 0
backend/internal/approvals/model.go:174.2,174.36 1 0
backend/internal/approvals/model.go:174.36,176.3 1 0
backend/internal/approvals/model.go:177.2,177.12 1 0
backend/internal/approvals/repository.go:39.45,41.2 1 0
backend/internal/approvals/repository.go:49.91,54.16 3 0
backend/internal/approvals/repository.go:54.16,55.36 1 0
backend/internal/approvals/repository.go:55.36,57.4 1 0
backend/internal/approvals/repository.go:58.3,58.56 1 0
backend/internal/approvals/repository.go:60.2,60.16 1 0
backend/internal/approvals/repository.go:72.58,76.20 3 0
backend/internal/approvals/repository.go:76.20,79.3 2 0
backend/internal/approvals/repository.go:80.2,80.33 1 0
backend/internal/approvals/repository.go:80.33,83.3 2 0
backend/internal/approvals/repository.go:85.2,85.26 1 0
backend/internal/approvals/repository.go:85.26,87.3 1 0
backend/internal/approvals/repository.go:88.2,88.60 1 0
backend/internal/approvals/repository.go:92.101,98.74 4 0
backend/internal/approvals/repository.go:98.74,100.3 1 0
backend/internal/approvals/repository.go:103.2,104.22 2 0
backend/internal/approvals/repository.go:104.22,106.3 1 0
backend/internal/approvals/repository.go:107.2,107.23 1 0
backend/internal/approvals/repository.go:107.23,109.3 1 0
backend/internal/approvals/repository.go:111.2,112.76 2 0
backend/internal/approvals/repository.go:112.76,114.3 1 0
backend/internal/approvals/repository.go:115.2,115.30 1 0
backend/internal/approvals/repository.go:124.76,127.20 3 0
backend/internal/approvals/repository.go:127.20,129.3 1 0
backend/internal/approvals/repository.go:131.2,137.16 2 0
backend/internal/approvals/repository.go:137.16,139.3 1 0
backend/internal/approvals/repository.go:140.2,140.12 1 0
backend/internal/approvals/repository.go:146.116,149.16 2 0
backend/internal/approvals/repository.go:149.16,151.3 1 0
backend/internal/approvals/repository.go:152.2,152.44 1 0
backend/internal/approvals/repository.go:152.44,154.3 1 0
backend/internal/approvals/repository.go:156.2,162.16 3 0
backend/internal/approvals/repository.go:162.16,164.3 1 0
backend/internal/approvals/repository.go:165.2,166.15 2 0
backend/internal/approvals/repository.go:166.15,168.3 1 0
backend/internal/approvals/repository.go:169.2,169.12 1 0
backend/internal/approvals/service.go:53.72,58.2 1 0
backend/internal/approvals/service.go:65.88,67.16 2 0
backend/internal/approvals/service.go:67.16,69.3 1 0
backend/internal/approvals/service.go:70.2,70.15 1 0
backend/internal/approvals/service.go:74.98,76.16 2 0
backend/internal/approvals/service.go:76.16,78.3 1 0
backend/internal/approvals/service.go:79.2,79.30 1 0
backend/internal/approvals/service.go:88.73,89.37 1 0
backend/internal/approvals/service.go:89.37,91.3 1 0
backend/internal/approvals/service.go:92.2,92.46 1 0
backend/internal/approvals/service.go:92.46,94.3 1 0
backend/internal/approvals/service.go:95.2,100.12 2 0
backend/internal/approvals/service.go:107.88,108.82 1 0
backend/internal/approvals/service.go:108.82,110.3 1 0
backend/internal/approvals/service.go:112.2,113.16 2 0
backend/internal/approvals/service.go:113.16,115.3 1 0
backend/internal/approvals/service.go:116.2,119.21 2 0
backend/internal/approvals/service.go:125.82,126.18 1 0
backend/internal/approvals/service.go:126.18,128.3 1 0
backend/internal/approvals/service.go:129.2,129.86 1 0
backend/internal/approvals/service.go:129.86,131.3 1 0
backend/internal/approvals/service.go:132.2,136.12 2 0
backend/internal/approvals/workflow.go:55.40,58.2 1 0
backend/internal/approvals/workflow.go:60.40,60.56 1 0
backend/internal/approvals/workflow.go:83.91,89.2 1 0
backend/internal/approvals/workflow.go:104.89,107.16 2 0
backend/internal/approvals/workflow.go:107.16,109.3 1 0
backend/internal/approvals/workflow.go:114.2,118.115 4 0
backend/internal/approvals/workflow.go:118.115,130.3 2 0
backend/internal/approvals/workflow.go:132.2,137.22 2 0
backend/internal/applications/dto.go:84.53,101.2 1 0
backend/internal/applications/dto.go:104.68,112.2 1 0
backend/internal/applications/handler.go:20.60,25.2 1 0
backend/internal/applications/handler.go:28.55,30.2 2 0
backend/internal/applications/handler.go:30.2,38.3 7 0
backend/internal/applications/handler.go:51.52,53.46 2 0
backend/internal/applications/handler.go:53.46,56.3 2 0
backend/internal/applications/handler.go:59.2,59.48 1 0
backend/internal/applications/handler.go:59.48,62.3 2 0
backend/internal/applications/handler.go:65.2,65.18 1 0
backend/internal/applications/handler.go:65.18,67.3 1 0
backend/internal/applications/handler.go:68.2,68.19 1 0
backend/internal/applications/handler.go:68.19,70.3 1 0
backend/internal/applications/handler.go:71.2,71.18 1 0
backend/internal/applications/handler.go:71.18,73.3 1 0
backend/internal/applications/handler.go:75.2,82.19 2 0
backend/internal/applications/handler.go:82.19,84.17 2 0
backend/internal/applications/handler.go:84.17,87.4 2 0
backend/internal/applications/handler.go:88.3,88.21 1 0
backend/internal/applications/handler.go:91.2,92.16 2 0
backend/internal/applications/handler.go:92.16,96.3 3 0
backend/internal/applications/handler.go:98.2,104.22 2 0
backend/internal/applications/handler.go:104.22,106.3 1 0
backend/internal/applications/handler.go:108.2,108.22 1 0
backend/internal/applications/handler.go:112.50,114.16 2 0
backend/internal/applications/handler.go:114.16,117.3 2 0
backend/internal/applications/handler.go:119.2,120.16 2 0
backend/internal/applications/handler.go:120.16,121.34 1 0
backend/internal/applications/handler.go:121.34,124.4 2 0
backend/internal/applications/handler.go:125.3,127.9 3 0
backend/internal/applications/handler.go:130.2,130.33 1 0
backend/internal/applications/handler.go:134.53,136.47 2 0
backend/internal/applications/handler.go:136.47,139.3 2 0
backend/internal/applications/handler.go:141.2,142.16 2 0
backend/internal/applications/handler.go:142.16,146.3 3 0
backend/internal/applications/handler.go:148.2,148.38 1 0
backend/internal/applications/handler.go:152.48,154.16 2 0
backend/internal/applications/handler.go:154.16,157.3 2 0
backend/internal/applications/handler.go:159.2,160.47 2 0
backend/internal/applications/handler.go:160.47,163.3 2 0
backend/internal/applications/handler.go:165.2,165.91 1 0
backend/internal/applications/handler.go:165.91,166.34 1 0
backend/internal/applications/handler.go:166.34,169.4 2 0
backend/internal/applications/handler.go:170.3,170.39 1 0
backend/internal/applications/handler.go:170.39,173.4 2 0
backend/internal/applications/handler.go:174.3,176.9 3 0
backend/internal/applications/handler.go:179.2,179.52 1 0
backend/internal/applications/handler.go:183.47,185.16 2 0
backend/internal/applications/handler.go:185.16,188.3 2 0
backend/internal/applications/handler.go:190.2,191.47 2 0
backend/internal/applications/handler.go:191.47,194.3 2 0
backend/internal/applications/handler.go:196.2,196.78 1 0
backend/internal/applications/handler.go:196.78,197.34 1 0
backend/internal/applications/handler.go:197.34,200.4 2 0
backend/internal/applications/handler.go:201.3,203.9 3 0
backend/internal/applications/handler.go:206.2,206.51 1 0
backend/internal/applications/handler.go:210.47,212.16 2 0
backend/internal/applications/handler.go:212.16,215.3 2 0
backend/internal/applications/handler.go:217.2,218.16 2 0
backend/internal/applications/handler.go:218.16,219.34 1 0
backend/internal/applications/handler.go:219.34,222.4 2 0
backend/internal/applications/handler.go:223.3,225.9 3 0
backend/internal/applications/handler.go:228.2,232.24 2 0
backend/internal/applications/handler.go:232.24,234.3 1 0
backend/internal/applications/handler.go:236.2,236.22 1 0
backend/internal/applications/handler.go:240.44,242.16 2 0
backend/internal/applications/handler.go:242.16,246.3 3 0
backend/internal/applications/handler.go:248.2,248.23 1 0
backend/internal/applications/model.go:45.35,48.2 2 0
backend/internal/applications/model.go:51.42,53.9 2 0
backend/internal/applications/model.go:53.9,55.3 1 0
backend/internal/applications/model.go:56.2,56.28 1 0
backend/internal/applications/model.go:56.28,57.14 1 0
backend/internal/applications/model.go:57.14,59.4 1 0
backend/internal/applications/model.go:61.2,61.14 1 0
backend/internal/applications/model.go:65.39,67.2 1 0
backend/internal/applications/model.go:99.44,101.2 1 0
backend/internal/applications/repository.go:28.45,30.2 1 0
backend/internal/applications/repository.go:33.87,40.16 3 0
backend/internal/applications/repository.go:40.16,41.36 1 0
backend/internal/applications/repository.go:41.36,43.4 1 0
backend/internal/applications/repository.go:44.3,44.59 1 0
backend/internal/applications/repository.go:46.2,46.18 1 0
backend/internal/applications/repository.go:59.58,63.20 3 0
backend/internal/applications/repository.go:63.20,66.3 2 0
backend/internal/applications/repository.go:67.2,67.25 1 0
backend/internal/applications/repository.go:67.25,70.3 2 0
backend/internal/applications/repository.go:71.2,71.24 1 0
backend/internal/applications/repository.go:71.24,74.3 2 0
backend/internal/applications/repository.go:76.2,76.26 1 0
backend/internal/applications/repository.go:76.26,78.3 1 0
backend/internal/applications/repository.go:79.2,79.60 1 0
backend/internal/applications/repository.go:83.97,89.74 4 0
backend/internal/applications/repository.go:89.74,91.3 1 0
backend/internal/applications/repository.go:94.2,98.22 2 0
backend/internal/applications/repository.go:98.22,100.3 1 0
backend/internal/applications/repository.go:101.2,101.23 1 0
backend/internal/applications/repository.go:101.23,103.3 1 0
backend/internal/applications/repository.go:105.2,106.71 2 0
backend/internal/applications/repository.go:106.71,108.3 1 0
backend/internal/applications/repository.go:109.2,109.25 1 0
backend/internal/applications/repository.go:113.74,124.16 5 0
backend/internal/applications/repository.go:124.16,126.3 1 0
backend/internal/applications/repository.go:127.2,127.12 1 0
backend/internal/applications/repository.go:132.105,134.16 2 0
backend/internal/applications/repository.go:134.16,136.3 1 0
backend/internal/applications/repository.go:137.2,142.16 4 0
backend/internal/applications/repository.go:142.16,143.36 1 0
backend/internal/applications/repository.go:143.36,145.4 1 0
backend/internal/applications/repository.go:146.3,146.51 1 0
backend/internal/applications/repository.go:149.2,153.16 3 0
backend/internal/applications/repository.go:154.21,155.30 1 0
backend/internal/applications/repository.go:156.22,157.31 1 0
backend/internal/applications/repository.go:158.19,159.31 1 0
backend/internal/applications/repository.go:160.10,161.20 1 0
backend/internal/applications/repository.go:164.2,168.17 4 0
backend/internal/applications/repository.go:168.17,172.3 3 0
backend/internal/applications/repository.go:173.2,173.24 1 0
backend/internal/applications/repository.go:173.24,177.3 3 0
backend/internal/applications/repository.go:179.2,183.16 4 0
backend/internal/applications/repository.go:183.16,185.3 1 0
backend/internal/applications/repository.go:186.2,187.15 2 0
backend/internal/applications/repository.go:187.15,189.3 1 0
backend/internal/applications/repository.go:192.2,196.16 2 0
backend/internal/applications/repository.go:196.16,198.3 1 0
backend/internal/applications/repository.go:200.2,200.36 1 0
backend/internal/applications/repository.go:200.36,202.3 1 0
backend/internal/applications/repository.go:203.2,203.12 1 0
backend/internal/applications/repository.go:207.106,214.16 3 0
backend/internal/applications/repository.go:214.16,216.3 1 0
backend/internal/applications/repository.go:217.2,217.20 1 0
backend/internal/applications/repository.go:221.89,226.16 3 0
backend/internal/applications/repository.go:226.16,228.3 1 0
backend/internal/applications/repository.go:229.2,230.15 2 0
backend/internal/applications/repository.go:230.15,232.3 1 0
backend/internal/applications/repository.go:233.2,233.12 1 0
backend/internal/applications/repository.go:237.87,245.16 3 0
backend/internal/applications/repository.go:245.16,247.3 1 0
backend/internal/applications/repository.go:250.2,251.16 2 0
backend/internal/applications/repository.go:251.16,253.3 1 0
backend/internal/applications/repository.go:254.2,255.18 2 0
backend/internal/applications/repository.go:255.18,258.52 3 0
backend/internal/applications/repository.go:258.52,260.4 1 0
backend/internal/applications/repository.go:261.3,261.33 1 0
backend/internal/applications/repository.go:263.2,263.34 1 0
backend/internal/applications/repository.go:263.34,265.3 1 0
backend/internal/applications/repository.go:268.2,269.16 2 0
backend/internal/applications/repository.go:269.16,271.3 1 0
backend/internal/applications/repository.go:272.2,273.19 2 0
backend/internal/applications/repository.go:273.19,276.51 3 0
backend/internal/applications/repository.go:276.51,278.4 1 0
backend/internal/applications/repository.go:279.3,279.29 1 0
backend/internal/applications/repository.go:281.2,281.35 1 0
backend/internal/applications/repository.go:281.35,283.3 1 0
backend/internal/applications/repository.go:285.2,285.19 1 0
backend/internal/applications/service.go:19.64,24.2 1 0
backend/internal/applications/service.go:27.99,39.48 2 0
backend/internal/applications/service.go:39.48,41.3 1 0
backend/internal/applications/service.go:43.2,47.17 2 0
backend/internal/applications/service.go:51.84,53.16 2 0
backend/internal/applications/service.go:53.16,54.34 1 0
backend/internal/applications/service.go:54.34,56.4 1 0
backend/internal/applications/service.go:57.3,57.53 1 0
backend/internal/applications/service.go:59.2,59.17 1 0
backend/internal/applications/service.go:63.94,64.23 1 0
backend/internal/applications/service.go:64.23,66.3 1 0
backend/internal/applications/service.go:67.2,67.24 1 0
backend/internal/applications/service.go:67.24,69.3 1 0
backend/internal/applications/service.go:70.2,70.23 1 0
backend/internal/applications/service.go:70.23,72.3 1 0
backend/internal/applications/service.go:73.2,73.33 1 0
backend/internal/applications/service.go:77.102,78.28 1 0
backend/internal/applications/service.go:78.28,80.3 1 0
backend/internal/applications/service.go:83.2,84.16 2 0
backend/internal/applications/service.go:84.16,85.34 1 0
backend/internal/applications/service.go:85.34,87.4 1 0
backend/internal/applications/service.go:88.3,88.62 1 0
backend/internal/applications/service.go:91.2,91.40 1 0
backend/internal/applications/service.go:91.40,97.3 2 0
backend/internal/applications/service.go:99.2,99.68 1 0
backend/internal/applications/service.go:99.68,101.3 1 0
backend/internal/applications/service.go:103.2,108.12 2 0
backend/internal/applications/service.go:112.84,114.2 1 0
backend/internal/applications/service.go:117.86,118.59 1 0
backend/internal/applications/service.go:118.59,119.34 1 0
backend/internal/applications/service.go:119.34,121.4 1 0
backend/internal/applications/service.go:122.3,122.45 1 0
backend/internal/applications/service.go:124.2,125.12 2 0
backend/internal/applications/service.go:129.105,131.62 1 0
backend/internal/applications/service.go:131.62,133.3 1 0
backend/internal/applications/service.go:134.2,134.45 1 0
backend/internal/auth/handler.go:19.64,24.2 1 0
backend/internal/auth/handler.go:27.41,29.47 2 0
backend/internal/auth/handler.go:29.47,32.3 2 0
backend/internal/auth/handler.go:34.2,35.16 2 0
backend/internal/auth/handler.go:35.16,36.44 1 0
backend/internal/auth/handler.go:36.44,40.4 3 0
backend/internal/auth/handler.go:41.3,43.9 3 0
backend/internal/auth/handler.go:47.2,47.71 1 0
backend/internal/auth/handler.go:47.71,50.3 1 0
backend/internal/auth/handler.go:52.2,52.22 1 0
backend/internal/auth/handler.go:56.50,58.47 2 0
backend/internal/auth/handler.go:58.47,61.3 2 0
backend/internal/auth/handler.go:63.2,63.108 1 0
backend/internal/auth/handler.go:63.108,64.44 1 0
backend/internal/auth/handler.go:64.44,67.4 2 0
backend/internal/auth/handler.go:68.3,70.9 3 0
backend/internal/auth/handler.go:73.2,73.71 1 0
backend/internal/auth/handler.go:77.47,79.16 2 0
backend/internal/auth/handler.go:79.16,83.3 3 0
backend/internal/auth/handler.go:85.2,85.22 1 0
backend/internal/auth/handler.go:90.42,91.62 1 0
backend/internal/auth/handler.go:91.62,95.3 3 0
backend/internal/auth/handler.go:97.2,97.55 1 0
backend/internal/auth/handler.go:101.49,103.47 2 0
backend/internal/auth/handler.go:103.47,106.3 2 0
backend/internal/auth/handler.go:108.2,108.108 1 0
backend/internal/auth/handler.go:108.108,109.46 1 0
backend/internal/auth/handler.go:109.46,112.4 2 0
backend/internal/auth/handler.go:113.3,115.9 3 0
backend/internal/auth/handler.go:118.2,118.72 1 0
backend/internal/auth/handler.go:122.46,124.47 2 0
backend/internal/auth/handler.go:124.47,127.3 2 0
backend/internal/auth/handler.go:129.2,130.16 2 0
backend/internal/auth/handler.go:130.16,134.3 3 0
backend/internal/auth/handler.go:136.2,136.47 1 0
backend/internal/auth/handler.go:140.51,142.47 2 0
backend/internal/auth/handler.go:142.47,145.3 2 0
backend/internal/auth/handler.go:147.2,148.16 2 0
backend/internal/auth/handler.go:148.16,152.3 3 0
backend/internal/auth/handler.go:154.2,154.47 1 0
backend/internal/auth/handler.go:158.51,160.47 2 0
backend/internal/auth/handler.go:160.47,163.3 2 0
backend/internal/auth/handler.go:165.2,166.16 2 0
backend/internal/auth/handler.go:166.16,167.44 1 0
backend/internal/auth/handler.go:167.44,170.4 2 0
backend/internal/auth/handler.go:171.3,173.9 3 0
backend/internal/auth/handler.go:176.2,176.47 1 0
backend/internal/auth/handler.go:180.56,182.47 2 0
backend/internal/auth/handler.go:182.47,185.3 2 0
backend/internal/auth/handler.go:187.2,187.82 1 0
backend/internal/auth/handler.go:187.82,191.3 3 0
backend/internal/auth/handler.go:193.2,193.74 1 0
backend/internal/auth/handler.go:197.56,199.47 2 0
backend/internal/auth/handler.go:199.47,202.3 2 0
backend/internal/auth/handler.go:204.2,204.86 1 0
backend/internal/auth/handler.go:204.86,208.3 3 0
backend/internal/auth/handler.go:210.2,210.67 1 0
backend/internal/auth/handler.go:214.54,215.74 1 0
backend/internal/auth/handler.go:215.74,219.3 3 0
backend/internal/auth/handler.go:221.2,221.75 1 0
backend/internal/auth/handler.go:225.43,227.47 2 0
backend/internal/auth/handler.go:227.47,230.3 2 0
backend/internal/auth/handler.go:232.2,233.16 2 0
backend/internal/auth/handler.go:233.16,234.129 1 0
backend/internal/auth/handler.go:234.129,237.4 2 0
backend/internal/auth/handler.go:238.3,240.9 3 0
backend/internal/auth/handler.go:243.2,243.22 1 0
backend/internal/auth/repository.go:26.77,32.82 2 0
backend/internal/auth/repository.go:32.82,34.3 1 0
backend/internal/auth/repository.go:38.2,39.16 2 0
backend/internal/auth/repository.go:39.16,42.3 1 0
backend/internal/auth/repository.go:42.8,44.3 1 0
backend/internal/auth/repository.go:46.2,46.18 1 0
backend/internal/auth/repository.go:51.82,54.16 3 0
backend/internal/auth/repository.go:54.16,56.3 1 0
backend/internal/auth/repository.go:57.2,57.15 1 0
backend/internal/auth/repository.go:57.15,59.3 1 0
backend/internal/auth/repository.go:62.2,62.23 1 0
backend/internal/auth/repository.go:62.23,64.3 1 0
backend/internal/auth/repository.go:67.2,71.16 2 0
backend/internal/auth/repository.go:71.16,73.3 1 0
backend/internal/auth/repository.go:74.2,74.12 1 0
backend/internal/auth/repository.go:78.67,87.16 3 0
backend/internal/auth/repository.go:87.16,88.36 1 0
backend/internal/auth/repository.go:88.36,90.4 1 0
backend/internal/auth/repository.go:91.3,91.52 1 0
backend/internal/auth/repository.go:93.2,93.19 1 0
backend/internal/auth/repository.go:97.64,100.19 3 0
backend/internal/auth/repository.go:100.19,102.3 1 0
backend/internal/auth/repository.go:103.2,103.20 1 0
backend/internal/auth/repository.go:107.73,110.19 3 0
backend/internal/auth/repository.go:110.19,112.3 1 0
backend/internal/auth/repository.go:113.2,113.33 1 0
backend/internal/auth/repository.go:117.72,120.19 3 0
backend/internal/auth/repository.go:120.19,122.3 1 0
backend/internal/auth/repository.go:123.2,123.35 1 0
backend/internal/auth/repository.go:128.84,141.16 5 0
backend/internal/auth/repository.go:141.16,143.3 1 0
backend/internal/auth/repository.go:146.2,147.16 2 0
backend/internal/auth/repository.go:147.16,149.3 1 0
backend/internal/auth/repository.go:150.2,152.12 2 0
backend/internal/auth/repository.go:156.65,167.16 5 0
backend/internal/auth/repository.go:167.16,169.3 1 0
backend/internal/auth/repository.go:171.2,171.19 1 0
backend/internal/auth/repository.go:171.19,174.3 2 0
backend/internal/auth/repository.go:176.2,176.12 1 0
backend/internal/auth/repository.go:180.73,190.16 4 0
backend/internal/auth/repository.go:190.16,192.3 1 0
backend/internal/auth/repository.go:194.2,194.19 1 0
backend/internal/auth/repository.go:194.19,197.3 2 0
backend/internal/auth/repository.go:199.2,199.12 1 0
backend/internal/auth/repository.go:204.73,207.16 3 0
backend/internal/auth/repository.go:207.16,209.3 1 0
backend/internal/auth/repository.go:210.2,210.24 1 0
backend/internal/auth/repository.go:215.103,219.16 3 0
backend/internal/auth/repository.go:219.16,221.3 1 0
backend/internal/auth/repository.go:222.2,222.15 1 0
backend/internal/auth/repository.go:222.15,224.3 1 0
backend/internal/auth/repository.go:226.2,231.16 3 0
backend/internal/auth/repository.go:231.16,233.3 1 0
backend/internal/auth/repository.go:236.2,249.12 4 0
backend/internal/auth/repository.go:253.79,257.16 3 0
backend/internal/auth/repository.go:257.16,259.3 1 0
backend/internal/auth/repository.go:260.2,260.23 1 0
backend/internal/auth/repository.go:264.77,268.16 3 0
backend/internal/auth/repository.go:268.16,270.3 1 0
backend/internal/auth/repository.go:271.2,271.17 1 0
backend/internal/auth/repository.go:271.17,273.3 1 0
backend/internal/auth/repository.go:274.2,274.25 1 0
backend/internal/auth/repository.go:278.85,281.16 2 0
backend/internal/auth/repository.go:281.16,283.3 1 0
backend/internal/auth/repository.go:284.2,284.12 1 0
backend/internal/auth/repository.go:288.83,291.16 2 0
backend/internal/auth/repository.go:291.16,293.3 1 0
backend/internal/auth/repository.go:294.2,294.12 1 0
backend/internal/auth/repository.go:300.119,305.16 2 0
backend/internal/auth/repository.go:305.16,307.3 1 0
backend/internal/auth/repository.go:308.2,308.12 1 0
backend/internal/auth/repository.go:312.106,319.16 3 0
backend/internal/auth/repository.go:319.16,320.36 1 0
backend/internal/auth/repository.go:320.36,322.4 1 0
backend/internal/auth/repository.go:323.3,323.61 1 0
backend/internal/auth/repository.go:325.2,325.20 1 0
backend/internal/auth/repository.go:329.79,335.16 2 0
backend/internal/auth/repository.go:335.16,337.3 1 0
backend/internal/auth/repository.go:338.2,338.12 1 0
backend/internal/auth/repository.go:342.87,348.16 2 0
backend/internal/auth/repository.go:348.16,350.3 1 0
backend/internal/auth/repository.go:351.2,351.12 1 0
backend/internal/auth/repository.go:355.85,360.16 2 0
backend/internal/auth/repository.go:360.16,362.3 1 0
backend/internal/auth/repository.go:363.2,363.30 1 0
backend/internal/auth/service.go:46.120,53.2 1 0
backend/internal/auth/service.go:57.87,59.16 2 0
backend/internal/auth/service.go:59.16,61.3 1 0
backend/internal/auth/service.go:63.2,63.16 1 0
backend/internal/auth/service.go:63.16,65.3 1 0
backend/internal/auth/service.go:67.2,67.86 1 0
backend/internal/auth/service.go:67.86,69.3 1 0
backend/internal/auth/service.go:71.2,72.16 2 0
backend/internal/auth/service.go:72.16,74.3 1 0
backend/internal/auth/service.go:77.2,78.16 2 0
backend/internal/auth/service.go:78.16,80.3 1 0
backend/internal/auth/service.go:83.2,83.126 1 0
backend/internal/auth/service.go:83.126,85.3 1 0
backend/internal/auth/service.go:87.2,91.8 1 0
backend/internal/auth/service.go:96.70,97.100 1 0
backend/internal/auth/service.go:97.100,98.54 1 0
backend/internal/auth/service.go:98.54,100.4 1 0
backend/internal/auth/service.go:101.3,101.38 1 0
backend/internal/auth/service.go:104.2,104.16 1 0
backend/internal/auth/service.go:104.16,105.42 1 0
backend/internal/auth/service.go:105.42,107.4 1 0
backend/internal/auth/service.go:108.3,108.30 1 0
backend/internal/auth/service.go:111.2,111.61 1 0
backend/internal/auth/service.go:111.61,113.3 1 0
backend/internal/auth/service.go:115.2,115.29 1 0
backend/internal/auth/service.go:120.102,122.16 2 0
backend/internal/auth/service.go:122.16,124.3 1 0
backend/internal/auth/service.go:127.2,128.16 2 0
backend/internal/auth/service.go:128.16,130.3 1 0
backend/internal/auth/service.go:132.2,132.45 1 0
backend/internal/auth/service.go:132.45,134.3 1 0
backend/internal/auth/service.go:136.2,136.20 1 0
backend/internal/auth/service.go:141.98,142.36 1 0
backend/internal/auth/service.go:142.36,144.3 1 0
backend/internal/auth/service.go:146.2,147.16 2 0
backend/internal/auth/service.go:147.16,149.3 1 0
backend/internal/auth/service.go:151.2,151.93 1 0
backend/internal/auth/service.go:151.93,153.3 1 0
backend/internal/auth/service.go:155.2,156.16 2 0
backend/internal/auth/service.go:156.16,158.3 1 0
backend/internal/auth/service.go:160.2,160.72 1 0
backend/internal/auth/service.go:160.72,162.3 1 0
backend/internal/auth/service.go:165.2,165.73 1 0
backend/internal/auth/service.go:165.73,167.3 1 0
backend/internal/auth/service.go:169.2,169.12 1 0
backend/internal/auth/service.go:173.53,175.73 1 0
backend/internal/auth/service.go:175.73,177.3 1 0
backend/internal/auth/service.go:178.2,178.44 1 0
backend/internal/auth/service.go:182.58,184.2 1 0
backend/internal/auth/service.go:187.63,189.16 2 0
backend/internal/auth/service.go:189.16,191.3 1 0
backend/internal/auth/service.go:192.2,192.17 1 0
backend/internal/auth/service.go:192.17,194.3 1 0
backend/internal/auth/service.go:195.2,195.18 1 0
backend/internal/auth/service.go:199.72,201.16 2 0
backend/internal/auth/service.go:201.16,203.3 1 0
backend/internal/auth/service.go:204.2,204.18 1 0
backend/internal/auth/service.go:209.77,214.16 3 0
backend/internal/auth/service.go:214.16,216.3 1 0
backend/internal/auth/service.go:218.2,232.16 4 0
backend/internal/auth/service.go:232.16,234.3 1 0
backend/internal/auth/service.go:236.2,236.43 1 0
backend/internal/auth/service.go:240.62,242.2 1 0
backend/internal/auth/service.go:245.70,247.2 1 0
backend/internal/auth/service.go:251.101,257.16 3 0
backend/internal/auth/service.go:257.16,259.3 1 0
backend/internal/auth/service.go:262.2,262.34 1 0
backend/internal/auth/service.go:262.34,264.80 1 0
backend/internal/auth/service.go:264.80,269.4 1 0
backend/internal/auth/service.go:270.3,270.37 1 0
backend/internal/auth/service.go:274.2,274.45 1 0
backend/internal/auth/service.go:274.45,276.3 1 0
backend/internal/auth/service.go:279.2,279.71 1 0
backend/internal/auth/service.go:279.71,281.3 1 0
backend/internal/auth/service.go:284.2,285.16 2 0
backend/internal/auth/service.go:285.16,287.3 1 0
backend/internal/auth/service.go:290.2,291.16 2 0
backend/internal/auth/service.go:291.16,293.3 1 0
backend/internal/auth/service.go:296.2,296.132 1 0
backend/internal/auth/service.go:296.132,298.3 1 0
backend/internal/auth/service.go:300.2,304.8 1 0
backend/internal/auth/service.go:312.103,315.42 2 0
backend/internal/auth/service.go:315.42,317.3 1 0
backend/internal/auth/service.go:318.2,329.44 5 0
backend/internal/auth/service.go:333.44,336.2 2 0
backend/internal/auth/service.go:339.85,341.16 2 0
backend/internal/auth/service.go:341.16,343.3 1 0
backend/internal/auth/service.go:344.2,344.59 1 0
backend/internal/auth/service.go:350.94,353.16 2 0
backend/internal/auth/service.go:353.16,355.3 1 0
backend/internal/auth/service.go:356.2,356.15 1 0
backend/internal/auth/service.go:356.15,358.3 1 0
backend/internal/auth/service.go:361.2,362.16 2 0
backend/internal/auth/service.go:362.16,364.3 1 0
backend/internal/auth/service.go:367.2,367.83 1 0
backend/internal/auth/service.go:367.83,369.3 1 0
backend/internal/auth/service.go:371.2,371.12 1 0
backend/internal/auth/service.go:375.76,377.16 2 0
backend/internal/auth/service.go:377.16,379.3 1 0
backend/internal/auth/service.go:380.2,380.23 1 0
backend/internal/auth/service.go:384.65,385.71 1 0
backend/internal/auth/service.go:385.71,387.3 1 0
backend/internal/auth/service.go:388.2,388.12 1 0
backend/internal/auth/service.go:392.80,393.63 1 0
backend/internal/auth/service.go:393.63,395.3 1 0
backend/internal/auth/service.go:396.2,396.12 1 0
backend/internal/auth/service.go:400.97,402.25 2 0
backend/internal/auth/service.go:402.25,404.3 1 0
backend/internal/auth/service.go:405.2,405.28 1 0
backend/internal/auth/service.go:405.28,407.3 1 0
backend/internal/auth/service.go:408.2,408.26 1 0
backend/internal/auth/service.go:408.26,410.3 1 0
backend/internal/auth/service.go:411.2,411.26 1 0
backend/internal/auth/service.go:411.26,413.3 1 0
backend/internal/auth/service.go:414.2,414.29 1 0
backend/internal/auth/service.go:414.29,416.3 1 0
backend/internal/auth/service.go:417.2,417.26 1 0
backend/internal/auth/service.go:417.26,419.3 1 0
backend/internal/auth/service.go:420.2,420.26 1 0
backend/internal/auth/service.go:420.26,422.3 1 0
backend/internal/auth/service.go:423.2,423.30 1 0
backend/internal/auth/service.go:423.30,425.3 1 0
backend/internal/auth/service.go:427.2,427.34 1 0
backend/internal/auth/service.go:427.34,428.74 1 0
backend/internal/auth/service.go:428.74,430.4 1 0
backend/internal/auth/service.go:432.2,432.12 1 0
backend/internal/auth/service.go:436.90,437.18 1 0
backend/internal/auth/service.go:438.16,439.38 1 0
backend/internal/auth/service.go:440.19,441.41 1 0
backend/internal/auth/service.go:442.10,443.71 1 0
backend/internal/auth/service.go:450.83,452.16 2 0
backend/internal/auth/service.go:452.16,454.3 1 0
backend/internal/auth/service.go:455.2,457.16 3 0
backend/internal/auth/service.go:457.16,459.3 1 0
backend/internal/auth/service.go:460.2,461.36 2 0
backend/internal/auth/service.go:464.86,466.16 2 0
backend/internal/auth/service.go:466.16,468.3 1 0
backend/internal/auth/service.go:469.2,472.16 4 0
backend/internal/auth/service.go:472.16,474.3 1 0
backend/internal/auth/service.go:475.2,476.36 2 0
backend/internal/auth/service.go:480.108,483.16 3 0
backend/internal/auth/service.go:483.16,485.3 1 0
backend/internal/auth/service.go:486.2,488.16 3 0
backend/internal/auth/service.go:488.16,490.3 1 0
backend/internal/auth/service.go:491.2,492.36 2 0
backend/internal/auth/service.go:496.111,498.48 1 0
backend/internal/auth/service.go:498.48,500.3 1 0
backend/internal/auth/service.go:501.2,510.16 9 0
backend/internal/auth/service.go:510.16,512.3 1 0
backend/internal/auth/service.go:513.2,516.16 3 0
backend/internal/auth/service.go:516.16,518.3 1 0
backend/internal/auth/service.go:519.2,520.36 2 0
backend/internal/embeddings/ollama.go:43.97,50.2 1 0
backend/internal/embeddings/ollama.go:53.52,55.2 1 0
backend/internal/embeddings/ollama.go:69.92,74.16 2 0
backend/internal/embeddings/ollama.go:74.16,76.3 1 0
backend/internal/embeddings/ollama.go:78.2,80.16 3 0
backend/internal/embeddings/ollama.go:80.16,82.3 1 0
backend/internal/embeddings/ollama.go:83.2,86.16 3 0
backend/internal/embeddings/ollama.go:86.16,88.3 1 0
backend/internal/embeddings/ollama.go:89.2,92.16 3 0
backend/internal/embeddings/ollama.go:92.16,94.3 1 0
backend/internal/embeddings/ollama.go:96.2,96.38 1 0
backend/internal/embeddings/ollama.go:96.38,98.21 2 0
backend/internal/embeddings/ollama.go:98.21,100.4 1 0
backend/internal/embeddings/ollama.go:101.3,101.84 1 0
backend/internal/embeddings/ollama.go:104.2,105.58 2 0
backend/internal/embeddings/ollama.go:105.58,107.3 1 0
backend/internal/embeddings/ollama.go:109.2,109.36 1 0
backend/internal/embeddings/ollama.go:109.36,111.3 1 0
backend/internal/embeddings/ollama.go:113.2,113.34 1 0
backend/internal/embeddings/ollama.go:119.102,120.21 1 0
backend/internal/embeddings/ollama.go:120.21,122.3 1 0
backend/internal/embeddings/ollama.go:124.2,129.29 5 0
backend/internal/embeddings/ollama.go:129.29,131.30 2 0
backend/internal/embeddings/ollama.go:131.30,134.17 3 0
backend/internal/embeddings/ollama.go:134.17,134.26 1 0
backend/internal/embeddings/ollama.go:136.4,138.19 3 0
backend/internal/embeddings/ollama.go:142.2,145.27 2 0
backend/internal/embeddings/ollama.go:145.27,146.17 1 0
backend/internal/embeddings/ollama.go:146.17,148.4 1 0
backend/internal/embeddings/ollama.go:151.2,151.21 1 0
backend/internal/embeddings/ollama.go:155.93,156.73 1 0
backend/internal/embeddings/ollama.go:156.73,158.3 1 0
backend/internal/embeddings/ollama.go:159.2,159.39 1 0
backend/internal/embeddings/ollama.go:168.70,170.2 1 0
backend/internal/embeddings/ollama.go:176.85,178.2 1 0
backend/internal/embeddings/ollama.go:181.98,183.2 1 0
backend/internal/embeddings/ollama.go:186.50,188.2 1 0
backend/internal/config/config.go:145.38,147.2 1 0
backend/internal/config/config.go:150.39,152.2 1 0
backend/internal/config/config.go:155.32,157.2 1 0
backend/internal/config/config.go:159.21,263.2 4 0
backend/internal/config/config.go:267.35,269.23 1 0
backend/internal/config/config.go:270.54,270.54 0 0
backend/internal/config/config.go:271.10,272.118 1 0
backend/internal/config/config.go:276.2,276.28 1 0
backend/internal/config/config.go:276.28,278.3 1 0
backend/internal/config/config.go:279.2,279.32 1 0
backend/internal/config/config.go:279.32,281.3 1 0
backend/internal/config/config.go:284.2,284.80 1 0
backend/internal/config/config.go:284.80,286.3 1 0
backend/internal/config/config.go:288.2,288.40 1 0
backend/internal/config/config.go:288.40,290.3 1 0
backend/internal/config/config.go:291.2,291.40 1 0
backend/internal/config/config.go:291.40,293.3 1 0
backend/internal/config/config.go:295.2,295.36 1 0
backend/internal/config/config.go:295.36,297.3 1 0
backend/internal/config/config.go:298.2,298.51 1 0
backend/internal/config/config.go:298.51,300.3 1 0
backend/internal/config/config.go:303.2,303.26 1 0
backend/internal/config/config.go:303.26,305.3 1 0
backend/internal/config/config.go:306.2,306.34 1 0
backend/internal/config/config.go:306.34,308.3 1 0
backend/internal/config/config.go:309.2,309.33 1 0
backend/internal/config/config.go:309.33,311.3 1 0
backend/internal/config/config.go:312.2,312.55 1 0
backend/internal/config/config.go:312.55,314.3 1 0
backend/internal/config/config.go:315.2,315.36 1 0
backend/internal/config/config.go:315.36,317.3 1 0
backend/internal/config/config.go:318.2,318.23 1 0
backend/internal/config/config.go:318.23,320.3 1 0
backend/internal/config/config.go:323.2,323.70 1 0
backend/internal/config/config.go:323.70,325.3 1 0
backend/internal/config/config.go:326.2,326.75 1 0
backend/internal/config/config.go:326.75,328.3 1 0
backend/internal/config/config.go:331.2,331.67 1 0
backend/internal/config/config.go:331.67,333.3 1 0
backend/internal/config/config.go:334.2,334.69 1 0
backend/internal/config/config.go:334.69,336.3 1 0
backend/internal/config/config.go:339.2,339.43 1 0
backend/internal/config/config.go:339.43,340.85 1 0
backend/internal/config/config.go:340.85,341.86 1 0
backend/internal/config/config.go:341.86,343.5 1 0
backend/internal/config/config.go:349.2,349.58 1 0
backend/internal/config/config.go:349.58,351.3 1 0
backend/internal/config/config.go:352.2,352.38 1 0
backend/internal/config/config.go:352.38,354.3 1 0
backend/internal/config/config.go:355.2,355.63 1 0
backend/internal/config/config.go:355.63,357.3 1 0
backend/internal/config/config.go:358.2,359.46 2 0
backend/internal/config/config.go:359.46,361.3 1 0
backend/internal/config/config.go:362.2,362.51 1 0
backend/internal/config/config.go:362.51,364.3 1 0
backend/internal/config/config.go:366.2,366.12 1 0
backend/internal/config/config.go:369.46,370.42 1 0
backend/internal/config/config.go:370.42,372.3 1 0
backend/internal/config/config.go:373.2,373.21 1 0
backend/internal/config/config.go:376.50,377.42 1 0
backend/internal/config/config.go:377.42,378.53 1 0
backend/internal/config/config.go:378.53,380.4 1 0
backend/internal/config/config.go:382.2,382.21 1 0
backend/internal/config/config.go:385.60,386.42 1 0
backend/internal/config/config.go:386.42,387.65 1 0
backend/internal/config/config.go:387.65,389.4 1 0
backend/internal/config/config.go:391.2,391.21 1 0
backend/internal/config/config.go:394.71,395.42 1 0
backend/internal/config/config.go:395.42,396.54 1 0
backend/internal/config/config.go:396.54,398.4 1 0
backend/internal/config/config.go:400.2,400.17 1 0
backend/internal/config/config.go:403.38,404.13 1 0
backend/internal/config/config.go:404.13,406.3 1 0
backend/internal/config/config.go:407.2,409.29 3 0
backend/internal/config/config.go:409.29,411.17 2 0
backend/internal/config/config.go:411.17,413.4 1 0
backend/internal/config/config.go:415.2,415.23 1 0
backend/internal/config/config.go:415.23,417.3 1 0
backend/internal/config/config.go:418.2,418.16 1 0
backend/internal/config/config.go:421.40,422.13 1 0
backend/internal/config/config.go:422.13,424.3 1 0
backend/internal/config/config.go:425.2,427.29 3 0
backend/internal/config/config.go:427.29,429.17 2 0
backend/internal/config/config.go:429.17,431.4 1 0
backend/internal/config/config.go:433.2,433.15 1 0
backend/internal/config/config.go:436.49,447.28 2 0
backend/internal/config/config.go:447.28,448.18 1 0
backend/internal/config/config.go:448.18,450.4 1 0
backend/internal/config/config.go:452.2,455.30 2 0
backend/internal/config/config.go:455.30,457.3 1 0
backend/internal/config/config.go:458.2,458.12 1 0
backend/internal/config/prompts.go:34.53,35.20 1 0
backend/internal/config/prompts.go:35.20,37.3 1 0
backend/internal/config/prompts.go:39.2,40.55 2 0
backend/internal/config/prompts.go:40.55,45.3 2 0
backend/internal/config/prompts.go:47.2,57.3 2 0
backend/internal/config/prompts.go:60.49,62.2 1 0
backend/internal/pgvector/format.go:22.41,23.19 1 11
backend/internal/pgvector/format.go:23.19,25.3 1 2
backend/internal/pgvector/format.go:26.2,29.24 4 9
backend/internal/pgvector/format.go:29.24,30.12 1 1553
backend/internal/pgvector/format.go:30.12,32.4 1 1544
backend/internal/pgvector/format.go:33.3,33.27 1 1553
backend/internal/pgvector/format.go:35.2,36.19 2 9
backend/internal/jobs/dto.go:79.37,106.2 1 0
backend/internal/jobs/handler.go:21.60,26.2 1 0
backend/internal/jobs/handler.go:29.55,31.2 2 0
backend/internal/jobs/handler.go:31.2,35.3 3 0
backend/internal/jobs/handler.go:37.2,38.2 2 0
backend/internal/jobs/handler.go:38.2,40.3 1 0
backend/internal/jobs/handler.go:54.44,56.46 2 0
backend/internal/jobs/handler.go:56.46,59.3 2 0
backend/internal/jobs/handler.go:62.2,62.48 1 0
backend/internal/jobs/handler.go:62.48,65.3 2 0
backend/internal/jobs/handler.go:68.2,68.40 1 0
backend/internal/jobs/handler.go:68.40,71.3 2 0
backend/internal/jobs/handler.go:74.2,74.18 1 0
backend/internal/jobs/handler.go:74.18,76.3 1 0
backend/internal/jobs/handler.go:77.2,77.19 1 0
backend/internal/jobs/handler.go:77.19,79.3 1 0
backend/internal/jobs/handler.go:80.2,80.18 1 0
backend/internal/jobs/handler.go:80.18,82.3 1 0
backend/internal/jobs/handler.go:84.2,92.22 2 0
backend/internal/jobs/handler.go:92.22,94.17 2 0
backend/internal/jobs/handler.go:94.17,97.4 2 0
backend/internal/jobs/handler.go:98.3,98.24 1 0
backend/internal/jobs/handler.go:101.2,102.16 2 0
backend/internal/jobs/handler.go:102.16,106.3 3 0
backend/internal/jobs/handler.go:108.2,114.22 2 0
backend/internal/jobs/handler.go:114.22,116.3 1 0
backend/internal/jobs/handler.go:118.2,118.22 1 0
backend/internal/jobs/handler.go:122.42,124.16 2 0
backend/internal/jobs/handler.go:124.16,127.3 2 0
backend/internal/jobs/handler.go:129.2,130.16 2 0
backend/internal/jobs/handler.go:130.16,131.34 1 0
backend/internal/jobs/handler.go:131.34,134.4 2 0
backend/internal/jobs/handler.go:135.3,137.9 3 0
backend/internal/jobs/handler.go:140.2,140.33 1 0
backend/internal/jobs/handler.go:144.45,146.16 2 0
backend/internal/jobs/handler.go:146.16,149.3 2 0
backend/internal/jobs/handler.go:151.2,152.47 2 0
backend/internal/jobs/handler.go:152.47,155.3 2 0
backend/internal/jobs/handler.go:157.2,157.80 1 0
backend/internal/jobs/handler.go:157.80,158.34 1 0
backend/internal/jobs/handler.go:158.34,161.4 2 0
backend/internal/jobs/handler.go:162.3,162.39 1 0
backend/internal/jobs/handler.go:162.39,165.4 2 0
backend/internal/jobs/handler.go:166.3,168.9 3 0
backend/internal/jobs/handler.go:171.2,171.49 1 0
backend/internal/jobs/handler.go:180.47,182.47 2 0
backend/internal/jobs/handler.go:182.47,185.3 2 0
backend/internal/jobs/handler.go:187.2,189.34 3 0
backend/internal/jobs/handler.go:189.34,191.17 2 0
backend/internal/jobs/handler.go:191.17,194.4 2 0
backend/internal/jobs/handler.go:195.3,195.37 1 0
backend/internal/jobs/handler.go:195.37,196.12 1 0
backend/internal/jobs/handler.go:198.3,199.37 2 0
backend/internal/jobs/handler.go:202.2,203.16 2 0
backend/internal/jobs/handler.go:203.16,210.23 2 0
backend/internal/jobs/handler.go:210.23,216.4 2 0
backend/internal/jobs/handler.go:217.3,218.9 2 0
backend/internal/jobs/handler.go:221.2,221.49 1 0
backend/internal/jobs/model.go:49.31,56.2 1 0
backend/internal/jobs/model.go:59.40,60.36 1 0
backend/internal/jobs/model.go:60.36,61.18 1 0
backend/internal/jobs/model.go:61.18,63.4 1 0
backend/internal/jobs/model.go:65.2,65.14 1 0
backend/internal/jobs/model.go:69.31,71.2 1 0
backend/internal/jobs/repository.go:22.45,24.2 1 0
backend/internal/jobs/repository.go:27.79,41.16 3 0
backend/internal/jobs/repository.go:41.16,43.3 1 0
backend/internal/jobs/repository.go:44.2,44.18 1 0
backend/internal/jobs/repository.go:49.87,56.16 5 0
backend/internal/jobs/repository.go:56.16,58.3 1 0
backend/internal/jobs/repository.go:61.2,79.16 5 0
backend/internal/jobs/repository.go:79.16,81.3 1 0
backend/internal/jobs/repository.go:83.2,83.25 1 0
backend/internal/jobs/repository.go:87.66,104.16 2 0
backend/internal/jobs/repository.go:104.16,106.3 1 0
backend/internal/jobs/repository.go:107.2,107.12 1 0
backend/internal/jobs/repository.go:112.80,113.20 1 0
backend/internal/jobs/repository.go:113.20,115.3 1 0
backend/internal/jobs/repository.go:117.2,118.16 2 0
backend/internal/jobs/repository.go:118.16,120.3 1 0
backend/internal/jobs/repository.go:121.2,124.27 3 0
backend/internal/jobs/repository.go:124.27,141.17 2 0
backend/internal/jobs/repository.go:141.17,143.4 1 0
backend/internal/jobs/repository.go:145.3,146.17 2 0
backend/internal/jobs/repository.go:146.17,148.4 1 0
backend/internal/jobs/repository.go:149.3,149.24 1 0
backend/internal/jobs/repository.go:152.2,152.36 1 0
backend/internal/jobs/repository.go:152.36,154.3 1 0
backend/internal/jobs/repository.go:156.2,156.22 1 0
backend/internal/jobs/repository.go:160.124,168.16 3 0
backend/internal/jobs/repository.go:168.16,170.3 1 0
backend/internal/jobs/repository.go:171.2,171.20 1 0
backend/internal/jobs/repository.go:175.91,181.16 2 0
backend/internal/jobs/repository.go:181.16,183.3 1 0
backend/internal/jobs/repository.go:185.2,186.16 2 0
backend/internal/jobs/repository.go:186.16,188.3 1 0
backend/internal/jobs/repository.go:189.2,189.15 1 0
backend/internal/jobs/repository.go:189.15,191.3 1 0
backend/internal/jobs/repository.go:193.2,193.12 1 0
backend/internal/jobs/repository.go:197.120,203.16 2 0
backend/internal/jobs/repository.go:203.16,205.3 1 0
backend/internal/jobs/repository.go:207.2,208.16 2 0
backend/internal/jobs/repository.go:208.16,210.3 1 0
backend/internal/jobs/repository.go:211.2,211.15 1 0
backend/internal/jobs/repository.go:211.15,213.3 1 0
backend/internal/jobs/repository.go:215.2,215.12 1 0
backend/internal/jobs/repository.go:229.59,233.20 3 0
backend/internal/jobs/repository.go:233.20,236.3 2 0
backend/internal/jobs/repository.go:237.2,237.21 1 0
backend/internal/jobs/repository.go:237.21,240.3 2 0
backend/internal/jobs/repository.go:241.2,241.28 1 0
backend/internal/jobs/repository.go:241.28,244.3 2 0
backend/internal/jobs/repository.go:245.2,245.20 1 0
backend/internal/jobs/repository.go:245.20,248.3 2 0
backend/internal/jobs/repository.go:250.2,250.20 1 0
backend/internal/jobs/service.go:33.107,39.2 1 0
backend/internal/jobs/service.go:42.75,44.16 2 0
backend/internal/jobs/service.go:44.16,45.36 1 0
backend/internal/jobs/service.go:45.36,47.4 1 0
backend/internal/jobs/service.go:48.3,48.53 1 0
backend/internal/jobs/service.go:50.2,50.17 1 0
backend/internal/jobs/service.go:54.76,56.2 1 0
backend/internal/jobs/service.go:59.84,60.23 1 0
backend/internal/jobs/service.go:60.23,62.3 1 0
backend/internal/jobs/service.go:63.2,63.24 1 0
backend/internal/jobs/service.go:63.24,65.3 1 0
backend/internal/jobs/service.go:66.2,66.23 1 0
backend/internal/jobs/service.go:66.23,68.3 1 0
backend/internal/jobs/service.go:70.2,71.16 2 0
backend/internal/jobs/service.go:71.16,73.3 1 0
backend/internal/jobs/service.go:74.2,74.25 1 0
[...]
backend/internal/systemconfig/repository.go:86.35,88.3 1 0
backend/internal/systemconfig/repository.go:90.2,90.23 1 0
backend/internal/systemconfig/repository.go:116.9,127.16 2 0
backend/internal/systemconfig/repository.go:127.16,129.3 1 0
backend/internal/systemconfig/repository.go:130.2,130.12 1 0
backend/internal/systemconfig/repository.go:142.76,147.16 2 0
backend/internal/systemconfig/repository.go:147.16,149.3 1 0
backend/internal/systemconfig/repository.go:152.2,154.12 2 0
backend/internal/systemconfig/repository.go:169.86,176.16 3 0
backend/internal/systemconfig/repository.go:176.16,177.36 1 0
backend/internal/systemconfig/repository.go:177.36,179.4 1 0
backend/internal/systemconfig/repository.go:180.3,180.64 1 0
backend/internal/systemconfig/repository.go:182.2,182.23 1 0
backend/internal/systemconfig/repository.go:194.113,202.16 3 0
backend/internal/systemconfig/repository.go:202.16,204.3 1 0
backend/internal/systemconfig/repository.go:205.2,205.23 1 0
backend/internal/systemconfig/resolver.go:72.74,78.37 2 0
backend/internal/systemconfig/resolver.go:78.37,80.3 1 0
backend/internal/systemconfig/resolver.go:82.2,82.15 1 0
backend/internal/systemconfig/resolver.go:87.37,89.16 2 0
backend/internal/systemconfig/resolver.go:89.16,91.3 1 0
backend/internal/systemconfig/resolver.go:93.2,94.51 2 0
backend/internal/systemconfig/resolver.go:94.51,96.3 1 0
backend/internal/systemconfig/resolver.go:98.2,99.12 2 0
backend/internal/systemconfig/resolver.go:115.93,123.17 3 0
backend/internal/systemconfig/resolver.go:123.17,125.17 2 0
backend/internal/systemconfig/resolver.go:125.17,127.4 1 0
backend/internal/systemconfig/resolver.go:128.3,128.37 1 0
backend/internal/systemconfig/resolver.go:132.2,134.17 2 0
backend/internal/systemconfig/resolver.go:139.53,242.2 2 0
backend/internal/systemconfig/service.go:47.64,52.2 1 0
backend/internal/systemconfig/service.go:64.85,66.16 2 0
backend/internal/systemconfig/service.go:66.16,68.3 1 0
backend/internal/systemconfig/service.go:69.2,69.20 1 0
backend/internal/systemconfig/service.go:85.93,87.43 1 0
backend/internal/systemconfig/service.go:87.43,89.3 1 0
backend/internal/systemconfig/service.go:92.2,92.53 1 0
backend/internal/systemconfig/service.go:92.53,94.3 1 0
backend/internal/systemconfig/service.go:97.2,97.52 1 0
backend/internal/systemconfig/service.go:97.52,99.3 1 0
backend/internal/systemconfig/service.go:102.2,105.82 2 0
backend/internal/systemconfig/service.go:105.82,107.3 1 0
backend/internal/systemconfig/service.go:109.2,109.12 1 0
backend/internal/systemconfig/service.go:122.73,124.49 1 0
backend/internal/systemconfig/service.go:124.49,126.3 1 0
backend/internal/systemconfig/service.go:128.2,128.56 1 0
backend/internal/systemconfig/service.go:128.56,130.3 1 0
backend/internal/systemconfig/service.go:132.2,132.12 1 0
backend/internal/systemconfig/service.go:212.49,214.49 1 0
backend/internal/systemconfig/service.go:214.49,216.3 1 0
backend/internal/systemconfig/service.go:219.2,219.23 1 0
backend/internal/systemconfig/service.go:219.23,221.3 1 0
backend/internal/systemconfig/service.go:222.2,222.12 1 0
backend/internal/systemconfig/service.go:232.72,233.13 1 0
backend/internal/systemconfig/service.go:234.32,235.65 1 0
backend/internal/systemconfig/service.go:236.34,237.67 1 0
backend/internal/systemconfig/service.go:238.22,239.83 1 0
backend/internal/systemconfig/service.go:240.38,241.70 1 0
backend/internal/systemconfig/service.go:245.33,246.44 1 0
backend/internal/systemconfig/service.go:248.46,249.44 1 0
backend/internal/systemconfig/service.go:250.47,251.44 1 0
backend/internal/systemconfig/service.go:252.44,253.50 1 0
backend/internal/systemconfig/service.go:254.41,255.43 1 0
backend/internal/systemconfig/service.go:256.47,257.44 1 0
backend/internal/systemconfig/service.go:258.50,259.43 1 0
backend/internal/systemconfig/service.go:261.25,262.45 1 0
backend/internal/systemconfig/service.go:263.27,264.44 1 0
backend/internal/systemconfig/service.go:266.38,267.43 1 0
backend/internal/systemconfig/service.go:268.41,269.43 1 0
backend/internal/systemconfig/service.go:271.45,272.44 1 0
backend/internal/systemconfig/service.go:273.41,274.44 1 0
backend/internal/systemconfig/service.go:275.41,276.44 1 0
backend/internal/systemconfig/service.go:277.41,278.44 1 0
backend/internal/systemconfig/service.go:280.33,281.46 1 0
backend/internal/systemconfig/service.go:285.44,287.13 1 0
backend/internal/systemconfig/service.go:289.23,292.55 2 0
backend/internal/systemconfig/service.go:292.55,294.4 1 0
backend/internal/systemconfig/service.go:295.3,295.24 1 0
backend/internal/systemconfig/service.go:295.24,297.4 1 0
backend/internal/systemconfig/service.go:298.3,298.13 1 0
backend/internal/systemconfig/service.go:301.67,303.13 1 0
backend/internal/systemconfig/service.go:308.53,310.13 1 0
backend/internal/systemconfig/service.go:312.10,314.75 1 0
backend/internal/systemconfig/service.go:319.76,321.48 2 0
backend/internal/systemconfig/service.go:321.48,323.3 1 0
backend/internal/systemconfig/service.go:324.2,324.24 1 0
backend/internal/systemconfig/service.go:324.24,326.3 1 0
backend/internal/systemconfig/service.go:327.2,327.12 1 0
backend/internal/systemconfig/service.go:331.82,333.48 2 0
backend/internal/systemconfig/service.go:333.48,335.3 1 0
backend/internal/systemconfig/service.go:336.2,336.30 1 0
backend/internal/systemconfig/service.go:336.30,338.3 1 0
backend/internal/systemconfig/service.go:339.2,339.12 1 0
backend/internal/systemconfig/service.go:343.76,345.48 2 0
backend/internal/systemconfig/service.go:345.48,347.3 1 0
backend/internal/systemconfig/service.go:348.2,348.28 1 0
backend/internal/systemconfig/service.go:348.28,349.13 1 0
backend/internal/systemconfig/service.go:349.13,351.4 1 0
backend/internal/systemconfig/service.go:353.2,353.69 1 0
backend/internal/systemconfig/service.go:363.81,365.16 2 0
backend/internal/systemconfig/service.go:365.16,367.3 1 0
backend/internal/systemconfig/service.go:369.2,376.24 3 0
backend/internal/scoring/dto.go:42.128,49.2 1 0
backend/internal/scoring/handler.go:28.90,34.2 1 0
backend/internal/scoring/handler.go:37.55,39.2 2 0
backend/internal/scoring/handler.go:39.2,43.3 3 0
backend/internal/scoring/handler.go:54.49,56.47 2 0
backend/internal/scoring/handler.go:56.47,59.3 2 0
backend/internal/scoring/handler.go:61.2,64.16 2 0
backend/internal/scoring/handler.go:64.16,71.3 3 0
backend/internal/scoring/handler.go:73.2,77.4 1 0
backend/internal/scoring/handler.go:82.44,84.16 2 0
backend/internal/scoring/handler.go:84.16,87.3 2 0
backend/internal/scoring/handler.go:89.2,90.16 2 0
backend/internal/scoring/handler.go:90.16,91.34 1 0
backend/internal/scoring/handler.go:91.34,94.4 2 0
backend/internal/scoring/handler.go:95.3,100.9 3 0
backend/internal/scoring/handler.go:104.2,105.31 2 0
backend/internal/scoring/handler.go:105.31,107.62 2 0
backend/internal/scoring/handler.go:107.62,109.4 1 0
backend/internal/scoring/handler.go:113.2,128.22 3 0
backend/internal/scoring/handler.go:139.51,141.47 2 0
backend/internal/scoring/handler.go:141.47,144.3 2 0
backend/internal/scoring/handler.go:147.2,149.32 3 0
backend/internal/scoring/handler.go:149.32,150.36 1 0
backend/internal/scoring/handler.go:150.36,151.12 1 0
backend/internal/scoring/handler.go:153.3,154.30 2 0
backend/internal/scoring/handler.go:157.2,159.31 3 0
backend/internal/scoring/handler.go:159.31,163.17 2 0
backend/internal/scoring/handler.go:163.17,169.12 3 0
backend/internal/scoring/handler.go:171.3,171.36 1 0
backend/internal/scoring/handler.go:174.2,179.4 1 0
backend/internal/scoring/handler.go:184.69,185.21 1 0
backend/internal/scoring/handler.go:185.21,187.3 1 0
backend/internal/scoring/handler.go:189.2,239.42 7 0
backend/internal/scoring/handler.go:239.42,240.43 1 0
backend/internal/scoring/handler.go:240.43,241.50 1 0
backend/internal/scoring/handler.go:241.50,244.5 2 0
backend/internal/scoring/handler.go:248.2,248.37 1 0
backend/internal/scoring/handler.go:248.37,249.43 1 0
backend/internal/scoring/handler.go:249.43,250.45 1 0
backend/internal/scoring/handler.go:250.45,253.5 2 0
backend/internal/scoring/handler.go:258.2,258.24 1 0
backend/internal/scoring/handler.go:258.24,260.3 1 0
backend/internal/scoring/handler.go:261.2,261.19 1 0
backend/internal/scoring/handler.go:261.19,263.3 1 0
backend/internal/scoring/handler.go:265.2,265.24 1 0
backend/internal/scoring/handler.go:269.64,272.16 2 0
backend/internal/scoring/handler.go:273.13,274.14 1 0
backend/internal/scoring/handler.go:275.16,276.13 1 0
backend/internal/scoring/handler.go:279.2,279.32 1 0
backend/internal/scoring/handler.go:279.32,281.3 1 0
backend/internal/scoring/handler.go:282.2,282.16 1 0
backend/internal/scoring/handler.go:282.16,284.3 1 0
backend/internal/scoring/handler.go:285.2,285.13 1 0
backend/internal/scoring/keywords.go:54.44,58.26 4 0
backend/internal/scoring/keywords.go:58.26,60.17 2 0
backend/internal/scoring/keywords.go:60.17,61.12 1 0
backend/internal/scoring/keywords.go:63.3,63.40 1 0
backend/internal/scoring/keywords.go:63.40,64.12 1 0
backend/internal/scoring/keywords.go:66.3,66.35 1 0
backend/internal/scoring/keywords.go:66.35,67.12 1 0
backend/internal/scoring/keywords.go:69.3,70.33 2 0
backend/internal/scoring/keywords.go:72.2,72.17 1 0
backend/internal/scoring/llm.go:50.58,52.2 1 0
backend/internal/scoring/llm.go:55.100,63.2 1 0
backend/internal/scoring/llm.go:66.44,68.2 1 0
backend/internal/scoring/llm.go:80.111,88.2 1 0
backend/internal/scoring/llm.go:91.46,93.2 1 0
backend/internal/scoring/llm.go:96.112,101.16 3 0
backend/internal/scoring/llm.go:101.16,103.3 1 0
backend/internal/scoring/llm.go:105.2,105.20 1 0
backend/internal/scoring/llm.go:122.99,128.16 2 0
backend/internal/scoring/llm.go:128.16,130.3 1 0
backend/internal/scoring/llm.go:132.2,134.16 3 0
backend/internal/scoring/llm.go:134.16,136.3 1 0
backend/internal/scoring/llm.go:137.2,140.16 3 0
backend/internal/scoring/llm.go:140.16,142.3 1 0
backend/internal/scoring/llm.go:143.2,146.16 3 0
backend/internal/scoring/llm.go:146.16,148.3 1 0
backend/internal/scoring/llm.go:150.2,150.38 1 0
backend/internal/scoring/llm.go:150.38,152.21 2 0
backend/internal/scoring/llm.go:152.21,154.4 1 0
backend/internal/scoring/llm.go:155.3,155.73 1 0
backend/internal/scoring/llm.go:158.2,159.58 2 0
backend/internal/scoring/llm.go:159.58,161.3 1 0
backend/internal/scoring/llm.go:164.2,165.16 2 0
backend/internal/scoring/llm.go:165.16,167.3 1 0
backend/internal/scoring/llm.go:169.2,169.20 1 0
backend/internal/scoring/llm.go:173.76,178.18 3 0
backend/internal/scoring/llm.go:178.18,180.3 1 0
backend/internal/scoring/llm.go:181.2,181.16 1 0
backend/internal/scoring/llm.go:181.16,222.3 1 0
backend/internal/scoring/llm.go:224.2,245.16 4 0
backend/internal/scoring/llm.go:245.16,248.3 2 0
backend/internal/scoring/llm.go:248.8,248.67 1 0
backend/internal/scoring/llm.go:248.67,250.3 1 0
backend/internal/scoring/llm.go:254.2,256.16 3 0
backend/internal/scoring/llm.go:256.16,259.3 2 0
backend/internal/scoring/llm.go:259.8,259.63 1 0
backend/internal/scoring/llm.go:259.63,261.3 1 0
backend/internal/scoring/llm.go:263.2,263.55 1 0
backend/internal/scoring/llm.go:267.55,269.24 2 0
backend/internal/scoring/llm.go:269.24,271.3 1 0
backend/internal/scoring/llm.go:272.2,272.34 1 0
backend/internal/scoring/llm.go:276.53,279.2 1 0
backend/internal/scoring/llm.go:283.111,285.63 1 0
backend/internal/scoring/llm.go:285.63,287.3 1 0
backend/internal/scoring/llm.go:289.2,289.33 1 0
backend/internal/scoring/llm.go:294.54,295.14 1 0
backend/internal/scoring/llm.go:295.14,297.3 1 0
backend/internal/scoring/llm.go:298.2,298.34 1 0
backend/internal/scoring/llm.go:298.34,300.3 1 0
backend/internal/scoring/llm.go:301.2,301.23 1 0
backend/internal/scoring/llm.go:301.23,303.3 1 0
backend/internal/scoring/llm.go:304.2,304.42 1 0
backend/internal/scoring/llm.go:304.42,306.3 1 0
backend/internal/scoring/llm.go:307.2,307.22 1 0
backend/internal/scoring/llm.go:307.22,308.46 1 0
backend/internal/scoring/llm.go:308.46,310.4 1 0
backend/internal/scoring/llm.go:313.2,313.24 1 0
backend/internal/scoring/llm.go:313.24,315.3 1 0
backend/internal/scoring/llm.go:316.2,316.19 1 0
backend/internal/scoring/llm.go:316.19,318.3 1 0
backend/internal/scoring/llm.go:319.2,319.12 1 0
backend/internal/scoring/llm.go:323.64,325.54 2 0
backend/internal/scoring/llm.go:325.54,327.3 1 0
backend/internal/scoring/llm.go:328.2,328.56 1 0
backend/internal/scoring/llm.go:328.56,330.3 1 0
backend/internal/scoring/llm.go:331.2,331.21 1 0
backend/internal/scoring/model.go:26.75,27.37 1 0
backend/internal/scoring/model.go:27.37,29.3 1 0
backend/internal/scoring/model.go:30.2,30.39 1 0
backend/internal/scoring/model.go:30.39,32.3 1 0
backend/internal/scoring/model.go:33.2,33.19 1 0
backend/internal/scoring/model.go:56.40,67.27 2 0
backend/internal/scoring/model.go:67.27,68.35 1 0
backend/internal/scoring/model.go:68.35,70.4 1 0
backend/internal/scoring/model.go:72.2,72.12 1 0
backend/internal/scoring/model.go:85.35,96.28 2 0
backend/internal/scoring/model.go:96.28,97.18 1 0
backend/internal/scoring/model.go:97.18,99.4 1 0
backend/internal/scoring/model.go:101.2,102.14 2 0
backend/internal/scoring/model.go:102.14,104.3 1 0
backend/internal/scoring/model.go:105.2,105.12 1 0
backend/internal/scoring/model.go:111.66,113.22 2 0
backend/internal/scoring/model.go:113.22,115.3 1 0
backend/internal/scoring/model.go:116.2,122.52 3 0
backend/internal/scoring/model.go:126.44,127.15 1 0
backend/internal/scoring/model.go:127.15,129.3 1 0
backend/internal/scoring/model.go:130.2,130.17 1 0
backend/internal/scoring/model.go:130.17,132.3 1 0
backend/internal/scoring/model.go:133.2,133.14 1 0
backend/internal/scoring/model.go:137.48,139.27 2 0
backend/internal/scoring/model.go:139.27,141.3 1 0
backend/internal/scoring/model.go:142.2,142.12 1 0
backend/internal/scoring/model.go:148.57,149.24 1 0
backend/internal/scoring/model.go:149.24,151.3 1 0
backend/internal/scoring/model.go:154.2,156.29 3 0
backend/internal/scoring/model.go:156.29,157.36 1 0
backend/internal/scoring/model.go:157.36,160.4 2 0
backend/internal/scoring/model.go:163.2,164.30 2 0
backend/internal/scoring/model.go:164.30,166.3 1 0
backend/internal/scoring/model.go:167.2,168.35 2 0
backend/internal/scoring/model.go:168.35,169.35 1 0
backend/internal/scoring/model.go:169.35,171.4 1 0
backend/internal/scoring/model.go:173.2,173.62 1 0
backend/internal/scoring/model.go:182.61,183.24 1 0
backend/internal/scoring/model.go:183.24,185.3 1 0
backend/internal/scoring/model.go:186.2,188.30 3 0
backend/internal/scoring/model.go:188.30,189.55 1 0
backend/internal/scoring/model.go:189.55,191.4 1 0
backend/internal/scoring/model.go:193.2,193.56 1 0
backend/internal/scoring/repository.go:36.53,38.2 1 0
backend/internal/scoring/repository.go:60.89,66.16 3 0
backend/internal/scoring/repository.go:66.16,67.36 1 0
backend/internal/scoring/repository.go:67.36,69.4 1 0
backend/internal/scoring/repository.go:70.3,70.18 1 0
backend/internal/scoring/repository.go:72.2,72.17 1 0
backend/internal/scoring/repository.go:77.79,83.16 4 0
backend/internal/scoring/repository.go:83.16,84.36 1 0
backend/internal/scoring/repository.go:84.36,86.4 1 0
backend/internal/scoring/repository.go:87.3,87.22 1 0
backend/internal/scoring/repository.go:89.2,89.55 1 0
backend/internal/scoring/repository.go:89.55,91.3 1 0
backend/internal/scoring/repository.go:92.2,92.21 1 0
backend/internal/scoring/repository.go:96.173,104.16 2 0
backend/internal/scoring/repository.go:104.16,106.3 1 0
backend/internal/scoring/repository.go:107.2,108.16 2 0
backend/internal/scoring/repository.go:108.16,110.3 1 0
backend/internal/scoring/repository.go:111.2,111.23 1 0
backend/internal/scoring/repository.go:111.23,113.3 1 0
backend/internal/scoring/repository.go:114.2,114.12 1 0
backend/internal/scoring/service.go:56.104,63.2 1 0
backend/internal/scoring/service.go:66.78,68.2 1 0
backend/internal/scoring/service.go:75.88,77.16 2 0
backend/internal/scoring/service.go:77.16,79.3 1 0
backend/internal/scoring/service.go:81.2,82.16 2 0
backend/internal/scoring/service.go:82.16,84.3 1 0
backend/internal/scoring/service.go:87.2,87.49 1 0
backend/internal/scoring/service.go:87.49,89.3 1 0
backend/internal/scoring/service.go:91.2,91.20 1 0
backend/internal/scoring/service.go:92.13,94.50 1 0
backend/internal/scoring/service.go:96.16,115.18 6 0
backend/internal/scoring/service.go:115.18,117.4 1 0
backend/internal/scoring/service.go:118.3,119.30 2 0
backend/internal/scoring/service.go:119.30,121.4 1 0
backend/internal/scoring/service.go:122.3,122.74 1 0
backend/internal/scoring/service.go:122.74,129.4 2 0
backend/internal/scoring/service.go:132.3,133.17 2 0
backend/internal/scoring/service.go:133.17,139.4 2 0
backend/internal/scoring/service.go:142.3,143.21 2 0
backend/internal/scoring/service.go:143.21,145.4 1 0
backend/internal/scoring/service.go:147.3,148.106 2 0
backend/internal/scoring/service.go:150.10,162.98 5 0
backend/internal/scoring/service.go:167.122,169.16 2 0
backend/internal/scoring/service.go:169.16,171.3 1 0
backend/internal/scoring/service.go:174.2,175.20 2 0
backend/internal/scoring/service.go:175.20,178.3 2 0
backend/internal/scoring/service.go:179.2,181.99 2 0
backend/internal/scoring/service.go:185.179,196.16 3 0
backend/internal/scoring/service.go:196.16,198.3 1 0
backend/internal/scoring/service.go:199.2,199.127 1 0
backend/internal/scoring/service.go:199.127,201.3 1 0
backend/internal/scoring/service.go:203.2,211.20 2 0
backend/internal/scoring/service.go:215.41,217.2 1 0
backend/internal/scoring/service.go:221.64,246.2 8 0
backend/internal/scoring/service.go:251.109,252.27 1 0
backend/internal/scoring/service.go:252.27,254.3 1 0
backend/internal/scoring/service.go:255.2,256.34 2 0
backend/internal/scoring/service.go:256.34,264.3 4 0
backend/internal/scoring/service.go:266.2,268.25 3 0
backend/internal/scoring/service.go:268.25,270.3 1 0
backend/internal/scoring/service.go:271.2,272.29 2 0
backend/internal/scoring/service.go:272.29,274.3 1 0
backend/internal/scoring/service.go:275.2,275.29 1 0
backend/internal/scoring/service.go:279.96,280.51 1 0
backend/internal/scoring/service.go:280.51,282.3 1 0
backend/internal/scoring/service.go:283.2,283.51 1 0
backend/internal/scoring/service.go:283.51,285.3 1 0
backend/internal/scoring/service.go:286.2,286.22 1 0
backend/internal/scoring/service.go:286.22,288.3 1 0
backend/internal/scoring/service.go:289.2,289.40 1 0
backend/internal/scoring/service.go:289.40,291.3 1 0
backend/internal/scoring/service.go:292.2,293.47 2 0
backend/internal/scoring/service.go:293.47,294.58 1 0
backend/internal/scoring/service.go:294.58,296.4 1 0
backend/internal/scoring/service.go:298.2,298.11 1 0
backend/internal/scoring/service.go:303.79,304.32 1 0
backend/internal/scoring/service.go:304.32,306.3 1 0
backend/internal/scoring/service.go:307.2,307.50 1 0
backend/internal/scoring/service.go:307.50,309.3 1 0
backend/internal/scoring/service.go:312.2,316.86 3 0
backend/internal/scoring/service.go:316.86,318.19 1 0
backend/internal/scoring/service.go:318.19,320.4 1 0
backend/internal/scoring/service.go:321.3,322.17 2 0
backend/internal/scoring/service.go:322.17,324.4 1 0
backend/internal/scoring/service.go:325.3,325.17 1 0
backend/internal/scoring/service.go:325.17,327.4 1 0
backend/internal/scoring/service.go:328.3,328.12 1 0
backend/internal/scoring/service.go:332.2,332.18 1 0
backend/internal/scoring/service.go:332.18,334.3 1 0
backend/internal/scoring/service.go:335.2,336.16 2 0
backend/internal/scoring/service.go:336.16,338.3 1 0
backend/internal/scoring/service.go:339.2,339.17 1 0
backend/internal/scoring/service.go:339.17,341.3 1 0
backend/internal/scoring/service.go:342.2,342.16 1 0
backend/internal/scoring/service.go:342.16,344.3 1 0
backend/internal/scoring/service.go:345.2,345.11 1 0
backend/internal/scoring/service.go:349.39,350.50 1 0
backend/internal/scoring/service.go:350.50,352.3 1 0
backend/internal/scoring/service.go:353.2,353.12 1 0
